<?xml version="1.0" encoding="UTF-8"?>
<testsuite name="org.apache.ofbiz.entity.DelegatorUnitTests" tests="5" skipped="0" failures="0" errors="0" timestamp="2021-04-24T11:23:12" hostname="pradeep-Inspiron-15-3567" time="8.008">
  <properties/>
  <testcase name="delegatorCreationUsingConstructorFailsIfConfigurationIsMissing" classname="org.apache.ofbiz.entity.DelegatorUnitTests" time="2.681"/>
  <testcase name="delegatorCreationUsingFactoryGetDelegator" classname="org.apache.ofbiz.entity.DelegatorUnitTests" time="3.092"/>
  <testcase name="delegatorCreationUsingFactoryReturnsNullIfConfigurationIsMissing" classname="org.apache.ofbiz.entity.DelegatorUnitTests" time="0.0"/>
  <testcase name="delegatorCreationUsingFactoryGetInstance" classname="org.apache.ofbiz.entity.DelegatorUnitTests" time="1.589"/>
  <testcase name="delegatorCreationUsingConstructor" classname="org.apache.ofbiz.entity.DelegatorUnitTests" time="0.646"/>
  <system-out><![CDATA[2021-04-24 16:53:12,878 |Test worker          |UtilXml                       |W| [UtilXml.LocalResolver.resolveEntity] could not find LOCAL DTD/Schema with publicId [null] and the file/resource is [entity-config.xsd]
2021-04-24 16:53:15,138 |delegator-startup-1  |DelegatorFactoryImpl          |I| Creating new delegator [default] (delegator-startup-1)
2021-04-24 16:53:15,144 |delegator-startup-1  |ModelReader                   |I| Finished loading entities; #Entities=0 #ViewEntities=0 #Fields=0 #Relationships=0 #AutoRelationships=0
2021-04-24 16:53:15,152 |delegator-startup-1  |GenericDelegator              |I| Doing entity definition check...
2021-04-24 16:53:15,157 |delegator-startup-1  |ModelEntityChecker            |I| [initReservedWords] array length = 1025
2021-04-24 16:53:15,162 |OFBiz-batch-1        |GenericDelegator              |I| Delegator "default" initializing helper "localmysql" for entity group "org.apache.ofbiz".
2021-04-24 16:53:15,180 |OFBiz-batch-1        |UtilXml                       |W| [UtilXml.LocalResolver.resolveEntity] could not find LOCAL DTD/Schema with publicId [null] and the file/resource is [entity-config.xsd]
2021-04-24 16:53:15,562 |OFBiz-batch-1        |UtilXml                       |W| [UtilXml.LocalResolver.resolveEntity] could not find LOCAL DTD/Schema with publicId [null] and the file/resource is [fieldtypemodel.xsd]
2021-04-24 16:53:16,108 |OFBiz-batch-1        |GenericDelegator              |I| Doing database check as requested in entityengine.xml with addMissing=true
2021-04-24 16:53:17,175 |OFBiz-batch-1        |DatabaseUtil                  |I| Database Product Name is MySQL
2021-04-24 16:53:17,175 |OFBiz-batch-1        |DatabaseUtil                  |I| Database Product Version is 8.0.23-0ubuntu0.20.04.1
2021-04-24 16:53:17,175 |OFBiz-batch-1        |DatabaseUtil                  |I| Database Driver Name is MySQL Connector/J
2021-04-24 16:53:17,175 |OFBiz-batch-1        |DatabaseUtil                  |I| Database Driver Version is mysql-connector-java-8.0.23 (Revision: 18bbd5e68195d0da083cbd5bd0d05d76320df7cd)
2021-04-24 16:53:17,175 |OFBiz-batch-1        |DatabaseUtil                  |I| Database Driver JDBC Version is 4.2
2021-04-24 16:53:17,175 |OFBiz-batch-1        |DatabaseUtil                  |I| Database Setting/Support Information (those with a * should be true):
2021-04-24 16:53:17,176 |OFBiz-batch-1        |DatabaseUtil                  |I| - supports transactions     [true]*
2021-04-24 16:53:17,176 |OFBiz-batch-1        |DatabaseUtil                  |I| - isolation None            [false]
2021-04-24 16:53:17,176 |OFBiz-batch-1        |DatabaseUtil                  |I| - isolation ReadCommitted   [true]
2021-04-24 16:53:17,176 |OFBiz-batch-1        |DatabaseUtil                  |I| - isolation ReadUncommitted [true]
2021-04-24 16:53:17,176 |OFBiz-batch-1        |DatabaseUtil                  |I| - isolation RepeatableRead  [true]
2021-04-24 16:53:17,176 |OFBiz-batch-1        |DatabaseUtil                  |I| - isolation Serializable    [true]
2021-04-24 16:53:17,177 |OFBiz-batch-1        |DatabaseUtil                  |I| - forward only type         [true]
2021-04-24 16:53:17,177 |OFBiz-batch-1        |DatabaseUtil                  |I| - scroll sensitive type     [false]
2021-04-24 16:53:17,177 |OFBiz-batch-1        |DatabaseUtil                  |I| - scroll insensitive type   [true]
2021-04-24 16:53:17,177 |OFBiz-batch-1        |DatabaseUtil                  |I| - is case sensitive         [true]
2021-04-24 16:53:17,177 |OFBiz-batch-1        |DatabaseUtil                  |I| - stores LowerCase          [false]
2021-04-24 16:53:17,177 |OFBiz-batch-1        |DatabaseUtil                  |I| - stores MixedCase          [true]
2021-04-24 16:53:17,178 |OFBiz-batch-1        |DatabaseUtil                  |I| - stores UpperCase          [false]
2021-04-24 16:53:17,178 |OFBiz-batch-1        |DatabaseUtil                  |I| - max table name length     [64]
2021-04-24 16:53:17,178 |OFBiz-batch-1        |DatabaseUtil                  |I| - max column name length    [64]
2021-04-24 16:53:17,178 |OFBiz-batch-1        |DatabaseUtil                  |I| - concurrent connections    [0]
2021-04-24 16:53:17,178 |OFBiz-batch-1        |DatabaseUtil                  |I| - concurrent statements     [0]
2021-04-24 16:53:17,178 |OFBiz-batch-1        |DatabaseUtil                  |I| - ANSI SQL92 Entry          [true]
2021-04-24 16:53:17,178 |OFBiz-batch-1        |DatabaseUtil                  |I| - ANSI SQL92 Intermediate   [false]
2021-04-24 16:53:17,179 |OFBiz-batch-1        |DatabaseUtil                  |I| - ANSI SQL92 Full           [false]
2021-04-24 16:53:17,179 |OFBiz-batch-1        |DatabaseUtil                  |I| - ODBC SQL Grammar Core     [true]
2021-04-24 16:53:17,179 |OFBiz-batch-1        |DatabaseUtil                  |I| - ODBC SQL Grammar Extended [false]
2021-04-24 16:53:17,179 |OFBiz-batch-1        |DatabaseUtil                  |I| - ODBC SQL Grammar Minimum  [true]
2021-04-24 16:53:17,179 |OFBiz-batch-1        |DatabaseUtil                  |I| - outer joins               [true]*
2021-04-24 16:53:17,179 |OFBiz-batch-1        |DatabaseUtil                  |I| - limited outer joins       [true]
2021-04-24 16:53:17,179 |OFBiz-batch-1        |DatabaseUtil                  |I| - full outer joins          [false]
2021-04-24 16:53:17,180 |OFBiz-batch-1        |DatabaseUtil                  |I| - group by                  [true]*
2021-04-24 16:53:17,180 |OFBiz-batch-1        |DatabaseUtil                  |I| - group by not in select    [true]
2021-04-24 16:53:17,183 |OFBiz-batch-1        |DatabaseUtil                  |I| - column aliasing           [true]
2021-04-24 16:53:17,183 |OFBiz-batch-1        |DatabaseUtil                  |I| - order by not in select    [false]
2021-04-24 16:53:17,183 |OFBiz-batch-1        |DatabaseUtil                  |I| - alter table add column    [true]*
2021-04-24 16:53:17,183 |OFBiz-batch-1        |DatabaseUtil                  |I| - non-nullable column       [true]*
2021-04-24 16:53:17,193 |OFBiz-batch-1        |DatabaseUtil                  |I| - default fetchsize        [0]
2021-04-24 16:53:17,193 |OFBiz-batch-1        |DatabaseUtil                  |I| - named parameters         [ SKIPPED ]
2021-04-24 16:53:17,193 |OFBiz-batch-1        |DatabaseUtil                  |I| Getting Table Info From Database
2021-04-24 16:53:17,303 |OFBiz-batch-1        |DatabaseUtil                  |I| Getting Column Info From Database
2021-04-24 16:53:18,031 |OFBiz-batch-1        |DatabaseUtil                  |W| Table named [ACCOMMODATION_CLASS] exists in the database but has no corresponding entity
2021-04-24 16:53:18,031 |OFBiz-batch-1        |DatabaseUtil                  |W| Table named [ACCOMMODATION_MAP] exists in the database but has no corresponding entity
2021-04-24 16:53:18,031 |OFBiz-batch-1        |DatabaseUtil                  |W| Table named [ACCOMMODATION_MAP_TYPE] exists in the database but has no corresponding entity
2021-04-24 16:53:18,034 |OFBiz-batch-1        |DatabaseUtil                  |W| Table named [ACCOMMODATION_SPOT] exists in the database but has no corresponding entity
2021-04-24 16:53:18,034 |OFBiz-batch-1        |DatabaseUtil                  |W| Table named [ACCTG_TRANS] exists in the database but has no corresponding entity
2021-04-24 16:53:18,037 |OFBiz-batch-1        |DatabaseUtil                  |W| Table named [ACCTG_TRANS_ATTRIBUTE] exists in the database but has no corresponding entity
2021-04-24 16:53:18,037 |OFBiz-batch-1        |DatabaseUtil                  |W| Table named [ACCTG_TRANS_ENTRY] exists in the database but has no corresponding entity
2021-04-24 16:53:18,037 |OFBiz-batch-1        |DatabaseUtil                  |W| Table named [ACCTG_TRANS_ENTRY_TYPE] exists in the database but has no corresponding entity
2021-04-24 16:53:18,038 |OFBiz-batch-1        |DatabaseUtil                  |W| Table named [ACCTG_TRANS_TYPE] exists in the database but has no corresponding entity
2021-04-24 16:53:18,038 |OFBiz-batch-1        |DatabaseUtil                  |W| Table named [ACCTG_TRANS_TYPE_ATTR] exists in the database but has no corresponding entity
2021-04-24 16:53:18,039 |OFBiz-batch-1        |DatabaseUtil                  |W| Table named [ADDENDUM] exists in the database but has no corresponding entity
2021-04-24 16:53:18,039 |OFBiz-batch-1        |DatabaseUtil                  |W| Table named [ADDRESS_MATCH_MAP] exists in the database but has no corresponding entity
2021-04-24 16:53:18,039 |OFBiz-batch-1        |DatabaseUtil                  |W| Table named [AFFILIATE] exists in the database but has no corresponding entity
2021-04-24 16:53:18,039 |OFBiz-batch-1        |DatabaseUtil                  |W| Table named [AGREEMENT] exists in the database but has no corresponding entity
2021-04-24 16:53:18,039 |OFBiz-batch-1        |DatabaseUtil                  |W| Table named [AGREEMENT_ATTRIBUTE] exists in the database but has no corresponding entity
2021-04-24 16:53:18,041 |OFBiz-batch-1        |DatabaseUtil                  |W| Table named [AGREEMENT_CONTENT] exists in the database but has no corresponding entity
2021-04-24 16:53:18,041 |OFBiz-batch-1        |DatabaseUtil                  |W| Table named [AGREEMENT_CONTENT_TYPE] exists in the database but has no corresponding entity
2021-04-24 16:53:18,041 |OFBiz-batch-1        |DatabaseUtil                  |W| Table named [AGREEMENT_EMPLOYMENT_APPL] exists in the database but has no corresponding entity
2021-04-24 16:53:18,042 |OFBiz-batch-1        |DatabaseUtil                  |W| Table named [AGREEMENT_FACILITY_APPL] exists in the database but has no corresponding entity
2021-04-24 16:53:18,047 |OFBiz-batch-1        |DatabaseUtil                  |W| Table named [AGREEMENT_GEOGRAPHICAL_APPLIC] exists in the database but has no corresponding entity
2021-04-24 16:53:18,047 |OFBiz-batch-1        |DatabaseUtil                  |W| Table named [AGREEMENT_ITEM] exists in the database but has no corresponding entity
2021-04-24 16:53:18,047 |OFBiz-batch-1        |DatabaseUtil                  |W| Table named [AGREEMENT_ITEM_ATTRIBUTE] exists in the database but has no corresponding entity
2021-04-24 16:53:18,047 |OFBiz-batch-1        |DatabaseUtil                  |W| Table named [AGREEMENT_ITEM_TYPE] exists in the database but has no corresponding entity
2021-04-24 16:53:18,047 |OFBiz-batch-1        |DatabaseUtil                  |W| Table named [AGREEMENT_ITEM_TYPE_ATTR] exists in the database but has no corresponding entity
2021-04-24 16:53:18,047 |OFBiz-batch-1        |DatabaseUtil                  |W| Table named [AGREEMENT_PARTY_APPLIC] exists in the database but has no corresponding entity
2021-04-24 16:53:18,047 |OFBiz-batch-1        |DatabaseUtil                  |W| Table named [AGREEMENT_PRODUCT_APPL] exists in the database but has no corresponding entity
2021-04-24 16:53:18,047 |OFBiz-batch-1        |DatabaseUtil                  |W| Table named [AGREEMENT_PROMO_APPL] exists in the database but has no corresponding entity
2021-04-24 16:53:18,047 |OFBiz-batch-1        |DatabaseUtil                  |W| Table named [AGREEMENT_ROLE] exists in the database but has no corresponding entity
2021-04-24 16:53:18,047 |OFBiz-batch-1        |DatabaseUtil                  |W| Table named [AGREEMENT_TERM] exists in the database but has no corresponding entity
2021-04-24 16:53:18,048 |OFBiz-batch-1        |DatabaseUtil                  |W| Table named [AGREEMENT_TERM_ATTRIBUTE] exists in the database but has no corresponding entity
2021-04-24 16:53:18,048 |OFBiz-batch-1        |DatabaseUtil                  |W| Table named [AGREEMENT_TYPE] exists in the database but has no corresponding entity
2021-04-24 16:53:18,048 |OFBiz-batch-1        |DatabaseUtil                  |W| Table named [AGREEMENT_TYPE_ATTR] exists in the database but has no corresponding entity
2021-04-24 16:53:18,048 |OFBiz-batch-1        |DatabaseUtil                  |W| Table named [AGREEMENT_WORK_EFFORT_APPLIC] exists in the database but has no corresponding entity
2021-04-24 16:53:18,048 |OFBiz-batch-1        |DatabaseUtil                  |W| Table named [APPLICATION_SANDBOX] exists in the database but has no corresponding entity
2021-04-24 16:53:18,048 |OFBiz-batch-1        |DatabaseUtil                  |W| Table named [AUDIO_DATA_RESOURCE] exists in the database but has no corresponding entity
2021-04-24 16:53:18,048 |OFBiz-batch-1        |DatabaseUtil                  |W| Table named [BENEFIT_TYPE] exists in the database but has no corresponding entity
2021-04-24 16:53:18,048 |OFBiz-batch-1        |DatabaseUtil                  |W| Table named [BILLING_ACCOUNT] exists in the database but has no corresponding entity
2021-04-24 16:53:18,048 |OFBiz-batch-1        |DatabaseUtil                  |W| Table named [BILLING_ACCOUNT_ROLE] exists in the database but has no corresponding entity
2021-04-24 16:53:18,048 |OFBiz-batch-1        |DatabaseUtil                  |W| Table named [BILLING_ACCOUNT_TERM] exists in the database but has no corresponding entity
2021-04-24 16:53:18,048 |OFBiz-batch-1        |DatabaseUtil                  |W| Table named [BILLING_ACCOUNT_TERM_ATTR] exists in the database but has no corresponding entity
2021-04-24 16:53:18,048 |OFBiz-batch-1        |DatabaseUtil                  |W| Table named [BROWSER_TYPE] exists in the database but has no corresponding entity
2021-04-24 16:53:18,048 |OFBiz-batch-1        |DatabaseUtil                  |W| Table named [BUDGET] exists in the database but has no corresponding entity
2021-04-24 16:53:18,048 |OFBiz-batch-1        |DatabaseUtil                  |W| Table named [BUDGET_ATTRIBUTE] exists in the database but has no corresponding entity
2021-04-24 16:53:18,048 |OFBiz-batch-1        |DatabaseUtil                  |W| Table named [BUDGET_ITEM] exists in the database but has no corresponding entity
2021-04-24 16:53:18,048 |OFBiz-batch-1        |DatabaseUtil                  |W| Table named [BUDGET_ITEM_ATTRIBUTE] exists in the database but has no corresponding entity
2021-04-24 16:53:18,049 |OFBiz-batch-1        |DatabaseUtil                  |W| Table named [BUDGET_ITEM_TYPE] exists in the database but has no corresponding entity
2021-04-24 16:53:18,049 |OFBiz-batch-1        |DatabaseUtil                  |W| Table named [BUDGET_ITEM_TYPE_ATTR] exists in the database but has no corresponding entity
2021-04-24 16:53:18,049 |OFBiz-batch-1        |DatabaseUtil                  |W| Table named [BUDGET_REVIEW] exists in the database but has no corresponding entity
2021-04-24 16:53:18,049 |OFBiz-batch-1        |DatabaseUtil                  |W| Table named [BUDGET_REVIEW_RESULT_TYPE] exists in the database but has no corresponding entity
2021-04-24 16:53:18,049 |OFBiz-batch-1        |DatabaseUtil                  |W| Table named [BUDGET_REVISION] exists in the database but has no corresponding entity
2021-04-24 16:53:18,049 |OFBiz-batch-1        |DatabaseUtil                  |W| Table named [BUDGET_REVISION_IMPACT] exists in the database but has no corresponding entity
2021-04-24 16:53:18,049 |OFBiz-batch-1        |DatabaseUtil                  |W| Table named [BUDGET_ROLE] exists in the database but has no corresponding entity
2021-04-24 16:53:18,049 |OFBiz-batch-1        |DatabaseUtil                  |W| Table named [BUDGET_SCENARIO] exists in the database but has no corresponding entity
2021-04-24 16:53:18,049 |OFBiz-batch-1        |DatabaseUtil                  |W| Table named [BUDGET_SCENARIO_APPLICATION] exists in the database but has no corresponding entity
2021-04-24 16:53:18,049 |OFBiz-batch-1        |DatabaseUtil                  |W| Table named [BUDGET_SCENARIO_RULE] exists in the database but has no corresponding entity
2021-04-24 16:53:18,049 |OFBiz-batch-1        |DatabaseUtil                  |W| Table named [BUDGET_STATUS] exists in the database but has no corresponding entity
2021-04-24 16:53:18,049 |OFBiz-batch-1        |DatabaseUtil                  |W| Table named [BUDGET_TYPE] exists in the database but has no corresponding entity
2021-04-24 16:53:18,049 |OFBiz-batch-1        |DatabaseUtil                  |W| Table named [BUDGET_TYPE_ATTR] exists in the database but has no corresponding entity
2021-04-24 16:53:18,049 |OFBiz-batch-1        |DatabaseUtil                  |W| Table named [CARRIER_SHIPMENT_BOX_TYPE] exists in the database but has no corresponding entity
2021-04-24 16:53:18,050 |OFBiz-batch-1        |DatabaseUtil                  |W| Table named [CARRIER_SHIPMENT_METHOD] exists in the database but has no corresponding entity
2021-04-24 16:53:18,050 |OFBiz-batch-1        |DatabaseUtil                  |W| Table named [CART_ABANDONED_LINE] exists in the database but has no corresponding entity
2021-04-24 16:53:18,050 |OFBiz-batch-1        |DatabaseUtil                  |W| Table named [CATALINA_SESSION] exists in the database but has no corresponding entity
2021-04-24 16:53:18,050 |OFBiz-batch-1        |DatabaseUtil                  |W| Table named [CHARACTER_SET] exists in the database but has no corresponding entity
2021-04-24 16:53:18,050 |OFBiz-batch-1        |DatabaseUtil                  |W| Table named [CHECK_ACCOUNT] exists in the database but has no corresponding entity
2021-04-24 16:53:18,050 |OFBiz-batch-1        |DatabaseUtil                  |W| Table named [COMMUNICATION_EVENT] exists in the database but has no corresponding entity
2021-04-24 16:53:18,050 |OFBiz-batch-1        |DatabaseUtil                  |W| Table named [COMMUNICATION_EVENT_ORDER] exists in the database but has no corresponding entity
2021-04-24 16:53:18,050 |OFBiz-batch-1        |DatabaseUtil                  |W| Table named [COMMUNICATION_EVENT_PRODUCT] exists in the database but has no corresponding entity
2021-04-24 16:53:18,050 |OFBiz-batch-1        |DatabaseUtil                  |W| Table named [COMMUNICATION_EVENT_PRP_TYP] exists in the database but has no corresponding entity
2021-04-24 16:53:18,050 |OFBiz-batch-1        |DatabaseUtil                  |W| Table named [COMMUNICATION_EVENT_PURPOSE] exists in the database but has no corresponding entity
2021-04-24 16:53:18,056 |OFBiz-batch-1        |DatabaseUtil                  |W| Table named [COMMUNICATION_EVENT_ROLE] exists in the database but has no corresponding entity
2021-04-24 16:53:18,056 |OFBiz-batch-1        |DatabaseUtil                  |W| Table named [COMMUNICATION_EVENT_TYPE] exists in the database but has no corresponding entity
2021-04-24 16:53:18,056 |OFBiz-batch-1        |DatabaseUtil                  |W| Table named [COMMUNICATION_EVENT_WORK_EFF] exists in the database but has no corresponding entity
2021-04-24 16:53:18,057 |OFBiz-batch-1        |DatabaseUtil                  |W| Table named [COMM_CONTENT_ASSOC_TYPE] exists in the database but has no corresponding entity
2021-04-24 16:53:18,057 |OFBiz-batch-1        |DatabaseUtil                  |W| Table named [COMM_EVENT_CONTENT_ASSOC] exists in the database but has no corresponding entity
2021-04-24 16:53:18,057 |OFBiz-batch-1        |DatabaseUtil                  |W| Table named [COMPONENT] exists in the database but has no corresponding entity
2021-04-24 16:53:18,057 |OFBiz-batch-1        |DatabaseUtil                  |W| Table named [CONFIG_OPTION_PRODUCT_OPTION] exists in the database but has no corresponding entity
2021-04-24 16:53:18,057 |OFBiz-batch-1        |DatabaseUtil                  |W| Table named [CONTACT_LIST] exists in the database but has no corresponding entity
2021-04-24 16:53:18,057 |OFBiz-batch-1        |DatabaseUtil                  |W| Table named [CONTACT_LIST_COMM_STATUS] exists in the database but has no corresponding entity
2021-04-24 16:53:18,057 |OFBiz-batch-1        |DatabaseUtil                  |W| Table named [CONTACT_LIST_PARTY] exists in the database but has no corresponding entity
2021-04-24 16:53:18,057 |OFBiz-batch-1        |DatabaseUtil                  |W| Table named [CONTACT_LIST_PARTY_STATUS] exists in the database but has no corresponding entity
2021-04-24 16:53:18,057 |OFBiz-batch-1        |DatabaseUtil                  |W| Table named [CONTACT_LIST_TYPE] exists in the database but has no corresponding entity
2021-04-24 16:53:18,057 |OFBiz-batch-1        |DatabaseUtil                  |W| Table named [CONTACT_MECH] exists in the database but has no corresponding entity
2021-04-24 16:53:18,057 |OFBiz-batch-1        |DatabaseUtil                  |W| Table named [CONTACT_MECH_ATTRIBUTE] exists in the database but has no corresponding entity
2021-04-24 16:53:18,057 |OFBiz-batch-1        |DatabaseUtil                  |W| Table named [CONTACT_MECH_LINK] exists in the database but has no corresponding entity
2021-04-24 16:53:18,057 |OFBiz-batch-1        |DatabaseUtil                  |W| Table named [CONTACT_MECH_PURPOSE_TYPE] exists in the database but has no corresponding entity
2021-04-24 16:53:18,057 |OFBiz-batch-1        |DatabaseUtil                  |W| Table named [CONTACT_MECH_TYPE] exists in the database but has no corresponding entity
2021-04-24 16:53:18,057 |OFBiz-batch-1        |DatabaseUtil                  |W| Table named [CONTACT_MECH_TYPE_ATTR] exists in the database but has no corresponding entity
2021-04-24 16:53:18,057 |OFBiz-batch-1        |DatabaseUtil                  |W| Table named [CONTACT_MECH_TYPE_PURPOSE] exists in the database but has no corresponding entity
2021-04-24 16:53:18,057 |OFBiz-batch-1        |DatabaseUtil                  |W| Table named [CONTAINER] exists in the database but has no corresponding entity
2021-04-24 16:53:18,058 |OFBiz-batch-1        |DatabaseUtil                  |W| Table named [CONTAINER_GEO_POINT] exists in the database but has no corresponding entity
2021-04-24 16:53:18,058 |OFBiz-batch-1        |DatabaseUtil                  |W| Table named [CONTAINER_TYPE] exists in the database but has no corresponding entity
2021-04-24 16:53:18,058 |OFBiz-batch-1        |DatabaseUtil                  |W| Table named [CONTENT] exists in the database but has no corresponding entity
2021-04-24 16:53:18,058 |OFBiz-batch-1        |DatabaseUtil                  |W| Table named [CONTENT_APPROVAL] exists in the database but has no corresponding entity
2021-04-24 16:53:18,058 |OFBiz-batch-1        |DatabaseUtil                  |W| Table named [CONTENT_ASSOC] exists in the database but has no corresponding entity
2021-04-24 16:53:18,058 |OFBiz-batch-1        |DatabaseUtil                  |W| Table named [CONTENT_ASSOC_PREDICATE] exists in the database but has no corresponding entity
2021-04-24 16:53:18,058 |OFBiz-batch-1        |DatabaseUtil                  |W| Table named [CONTENT_ASSOC_TYPE] exists in the database but has no corresponding entity
2021-04-24 16:53:18,058 |OFBiz-batch-1        |DatabaseUtil                  |W| Table named [CONTENT_ATTRIBUTE] exists in the database but has no corresponding entity
2021-04-24 16:53:18,058 |OFBiz-batch-1        |DatabaseUtil                  |W| Table named [CONTENT_KEYWORD] exists in the database but has no corresponding entity
2021-04-24 16:53:18,058 |OFBiz-batch-1        |DatabaseUtil                  |W| Table named [CONTENT_META_DATA] exists in the database but has no corresponding entity
2021-04-24 16:53:18,058 |OFBiz-batch-1        |DatabaseUtil                  |W| Table named [CONTENT_OPERATION] exists in the database but has no corresponding entity
2021-04-24 16:53:18,058 |OFBiz-batch-1        |DatabaseUtil                  |W| Table named [CONTENT_PURPOSE] exists in the database but has no corresponding entity
2021-04-24 16:53:18,058 |OFBiz-batch-1        |DatabaseUtil                  |W| Table named [CONTENT_PURPOSE_OPERATION] exists in the database but has no corresponding entity
2021-04-24 16:53:18,058 |OFBiz-batch-1        |DatabaseUtil                  |W| Table named [CONTENT_PURPOSE_TYPE] exists in the database but has no corresponding entity
2021-04-24 16:53:18,058 |OFBiz-batch-1        |DatabaseUtil                  |W| Table named [CONTENT_REVISION] exists in the database but has no corresponding entity
2021-04-24 16:53:18,058 |OFBiz-batch-1        |DatabaseUtil                  |W| Table named [CONTENT_REVISION_ITEM] exists in the database but has no corresponding entity
2021-04-24 16:53:18,059 |OFBiz-batch-1        |DatabaseUtil                  |W| Table named [CONTENT_ROLE] exists in the database but has no corresponding entity
2021-04-24 16:53:18,059 |OFBiz-batch-1        |DatabaseUtil                  |W| Table named [CONTENT_SEARCH_CONSTRAINT] exists in the database but has no corresponding entity
2021-04-24 16:53:18,059 |OFBiz-batch-1        |DatabaseUtil                  |W| Table named [CONTENT_SEARCH_RESULT] exists in the database but has no corresponding entity
2021-04-24 16:53:18,059 |OFBiz-batch-1        |DatabaseUtil                  |W| Table named [CONTENT_TYPE] exists in the database but has no corresponding entity
2021-04-24 16:53:18,059 |OFBiz-batch-1        |DatabaseUtil                  |W| Table named [CONTENT_TYPE_ATTR] exists in the database but has no corresponding entity
2021-04-24 16:53:18,059 |OFBiz-batch-1        |DatabaseUtil                  |W| Table named [COST_COMPONENT] exists in the database but has no corresponding entity
2021-04-24 16:53:18,059 |OFBiz-batch-1        |DatabaseUtil                  |W| Table named [COST_COMPONENT_ATTRIBUTE] exists in the database but has no corresponding entity
2021-04-24 16:53:18,059 |OFBiz-batch-1        |DatabaseUtil                  |W| Table named [COST_COMPONENT_CALC] exists in the database but has no corresponding entity
2021-04-24 16:53:18,059 |OFBiz-batch-1        |DatabaseUtil                  |W| Table named [COST_COMPONENT_TYPE] exists in the database but has no corresponding entity
2021-04-24 16:53:18,059 |OFBiz-batch-1        |DatabaseUtil                  |W| Table named [COST_COMPONENT_TYPE_ATTR] exists in the database but has no corresponding entity
2021-04-24 16:53:18,059 |OFBiz-batch-1        |DatabaseUtil                  |W| Table named [COUNTRY_ADDRESS_FORMAT] exists in the database but has no corresponding entity
2021-04-24 16:53:18,059 |OFBiz-batch-1        |DatabaseUtil                  |W| Table named [COUNTRY_CAPITAL] exists in the database but has no corresponding entity
2021-04-24 16:53:18,059 |OFBiz-batch-1        |DatabaseUtil                  |W| Table named [COUNTRY_CODE] exists in the database but has no corresponding entity
2021-04-24 16:53:18,059 |OFBiz-batch-1        |DatabaseUtil                  |W| Table named [COUNTRY_TELE_CODE] exists in the database but has no corresponding entity
2021-04-24 16:53:18,059 |OFBiz-batch-1        |DatabaseUtil                  |W| Table named [CREDIT_CARD] exists in the database but has no corresponding entity
2021-04-24 16:53:18,059 |OFBiz-batch-1        |DatabaseUtil                  |W| Table named [CREDIT_CARD_TYPE_GL_ACCOUNT] exists in the database but has no corresponding entity
2021-04-24 16:53:18,060 |OFBiz-batch-1        |DatabaseUtil                  |W| Table named [CUSTOM_METHOD] exists in the database but has no corresponding entity
2021-04-24 16:53:18,060 |OFBiz-batch-1        |DatabaseUtil                  |W| Table named [CUSTOM_METHOD_TYPE] exists in the database but has no corresponding entity
2021-04-24 16:53:18,060 |OFBiz-batch-1        |DatabaseUtil                  |W| Table named [CUSTOM_TIME_PERIOD] exists in the database but has no corresponding entity
2021-04-24 16:53:18,060 |OFBiz-batch-1        |DatabaseUtil                  |W| Table named [CUST_REQUEST] exists in the database but has no corresponding entity
2021-04-24 16:53:18,060 |OFBiz-batch-1        |DatabaseUtil                  |W| Table named [CUST_REQUEST_ATTRIBUTE] exists in the database but has no corresponding entity
2021-04-24 16:53:18,060 |OFBiz-batch-1        |DatabaseUtil                  |W| Table named [CUST_REQUEST_CATEGORY] exists in the database but has no corresponding entity
2021-04-24 16:53:18,060 |OFBiz-batch-1        |DatabaseUtil                  |W| Table named [CUST_REQUEST_COMM_EVENT] exists in the database but has no corresponding entity
2021-04-24 16:53:18,060 |OFBiz-batch-1        |DatabaseUtil                  |W| Table named [CUST_REQUEST_CONTENT] exists in the database but has no corresponding entity
2021-04-24 16:53:18,060 |OFBiz-batch-1        |DatabaseUtil                  |W| Table named [CUST_REQUEST_ITEM] exists in the database but has no corresponding entity
2021-04-24 16:53:18,060 |OFBiz-batch-1        |DatabaseUtil                  |W| Table named [CUST_REQUEST_ITEM_NOTE] exists in the database but has no corresponding entity
2021-04-24 16:53:18,060 |OFBiz-batch-1        |DatabaseUtil                  |W| Table named [CUST_REQUEST_ITEM_WORK_EFFORT] exists in the database but has no corresponding entity
2021-04-24 16:53:18,060 |OFBiz-batch-1        |DatabaseUtil                  |W| Table named [CUST_REQUEST_NOTE] exists in the database but has no corresponding entity
2021-04-24 16:53:18,060 |OFBiz-batch-1        |DatabaseUtil                  |W| Table named [CUST_REQUEST_PARTY] exists in the database but has no corresponding entity
2021-04-24 16:53:18,060 |OFBiz-batch-1        |DatabaseUtil                  |W| Table named [CUST_REQUEST_RESOLUTION] exists in the database but has no corresponding entity
2021-04-24 16:53:18,060 |OFBiz-batch-1        |DatabaseUtil                  |W| Table named [CUST_REQUEST_STATUS] exists in the database but has no corresponding entity
2021-04-24 16:53:18,060 |OFBiz-batch-1        |DatabaseUtil                  |W| Table named [CUST_REQUEST_TYPE] exists in the database but has no corresponding entity
2021-04-24 16:53:18,060 |OFBiz-batch-1        |DatabaseUtil                  |W| Table named [CUST_REQUEST_TYPE_ATTR] exists in the database but has no corresponding entity
2021-04-24 16:53:18,061 |OFBiz-batch-1        |DatabaseUtil                  |W| Table named [CUST_REQUEST_WORK_EFFORT] exists in the database but has no corresponding entity
2021-04-24 16:53:18,061 |OFBiz-batch-1        |DatabaseUtil                  |W| Table named [DATA_CATEGORY] exists in the database but has no corresponding entity
2021-04-24 16:53:18,061 |OFBiz-batch-1        |DatabaseUtil                  |W| Table named [DATA_RESOURCE] exists in the database but has no corresponding entity
2021-04-24 16:53:18,061 |OFBiz-batch-1        |DatabaseUtil                  |W| Table named [DATA_RESOURCE_ATTRIBUTE] exists in the database but has no corresponding entity
2021-04-24 16:53:18,061 |OFBiz-batch-1        |DatabaseUtil                  |W| Table named [DATA_RESOURCE_META_DATA] exists in the database but has no corresponding entity
2021-04-24 16:53:18,061 |OFBiz-batch-1        |DatabaseUtil                  |W| Table named [DATA_RESOURCE_PURPOSE] exists in the database but has no corresponding entity
2021-04-24 16:53:18,061 |OFBiz-batch-1        |DatabaseUtil                  |W| Table named [DATA_RESOURCE_ROLE] exists in the database but has no corresponding entity
2021-04-24 16:53:18,061 |OFBiz-batch-1        |DatabaseUtil                  |W| Table named [DATA_RESOURCE_TYPE] exists in the database but has no corresponding entity
2021-04-24 16:53:18,061 |OFBiz-batch-1        |DatabaseUtil                  |W| Table named [DATA_RESOURCE_TYPE_ATTR] exists in the database but has no corresponding entity
2021-04-24 16:53:18,061 |OFBiz-batch-1        |DatabaseUtil                  |W| Table named [DATA_SOURCE] exists in the database but has no corresponding entity
2021-04-24 16:53:18,061 |OFBiz-batch-1        |DatabaseUtil                  |W| Table named [DATA_SOURCE_TYPE] exists in the database but has no corresponding entity
2021-04-24 16:53:18,061 |OFBiz-batch-1        |DatabaseUtil                  |W| Table named [DATA_TEMPLATE_TYPE] exists in the database but has no corresponding entity
2021-04-24 16:53:18,061 |OFBiz-batch-1        |DatabaseUtil                  |W| Table named [DEDUCTION] exists in the database but has no corresponding entity
2021-04-24 16:53:18,061 |OFBiz-batch-1        |DatabaseUtil                  |W| Table named [DEDUCTION_TYPE] exists in the database but has no corresponding entity
2021-04-24 16:53:18,061 |OFBiz-batch-1        |DatabaseUtil                  |W| Table named [DELIVERABLE] exists in the database but has no corresponding entity
2021-04-24 16:53:18,061 |OFBiz-batch-1        |DatabaseUtil                  |W| Table named [DELIVERABLE_TYPE] exists in the database but has no corresponding entity
2021-04-24 16:53:18,062 |OFBiz-batch-1        |DatabaseUtil                  |W| Table named [DELIVERY] exists in the database but has no corresponding entity
2021-04-24 16:53:18,062 |OFBiz-batch-1        |DatabaseUtil                  |W| Table named [DESIRED_FEATURE] exists in the database but has no corresponding entity
2021-04-24 16:53:18,062 |OFBiz-batch-1        |DatabaseUtil                  |W| Table named [DOCUMENT] exists in the database but has no corresponding entity
2021-04-24 16:53:18,062 |OFBiz-batch-1        |DatabaseUtil                  |W| Table named [DOCUMENT_ATTRIBUTE] exists in the database but has no corresponding entity
2021-04-24 16:53:18,062 |OFBiz-batch-1        |DatabaseUtil                  |W| Table named [DOCUMENT_TYPE] exists in the database but has no corresponding entity
2021-04-24 16:53:18,062 |OFBiz-batch-1        |DatabaseUtil                  |W| Table named [DOCUMENT_TYPE_ATTR] exists in the database but has no corresponding entity
2021-04-24 16:53:18,062 |OFBiz-batch-1        |DatabaseUtil                  |W| Table named [EFT_ACCOUNT] exists in the database but has no corresponding entity
2021-04-24 16:53:18,062 |OFBiz-batch-1        |DatabaseUtil                  |W| Table named [ELECTRONIC_TEXT] exists in the database but has no corresponding entity
2021-04-24 16:53:18,062 |OFBiz-batch-1        |DatabaseUtil                  |W| Table named [EMAIL_ADDRESS_VERIFICATION] exists in the database but has no corresponding entity
2021-04-24 16:53:18,062 |OFBiz-batch-1        |DatabaseUtil                  |W| Table named [EMAIL_TEMPLATE_SETTING] exists in the database but has no corresponding entity
2021-04-24 16:53:18,062 |OFBiz-batch-1        |DatabaseUtil                  |W| Table named [EMPLOYMENT] exists in the database but has no corresponding entity
2021-04-24 16:53:18,062 |OFBiz-batch-1        |DatabaseUtil                  |W| Table named [EMPLOYMENT_APP] exists in the database but has no corresponding entity
2021-04-24 16:53:18,062 |OFBiz-batch-1        |DatabaseUtil                  |W| Table named [EMPLOYMENT_APP_SOURCE_TYPE] exists in the database but has no corresponding entity
2021-04-24 16:53:18,062 |OFBiz-batch-1        |DatabaseUtil                  |W| Table named [EMPL_LEAVE] exists in the database but has no corresponding entity
2021-04-24 16:53:18,062 |OFBiz-batch-1        |DatabaseUtil                  |W| Table named [EMPL_LEAVE_REASON_TYPE] exists in the database but has no corresponding entity
2021-04-24 16:53:18,062 |OFBiz-batch-1        |DatabaseUtil                  |W| Table named [EMPL_LEAVE_TYPE] exists in the database but has no corresponding entity
2021-04-24 16:53:18,063 |OFBiz-batch-1        |DatabaseUtil                  |W| Table named [EMPL_POSITION] exists in the database but has no corresponding entity
2021-04-24 16:53:18,063 |OFBiz-batch-1        |DatabaseUtil                  |W| Table named [EMPL_POSITION_CLASS_TYPE] exists in the database but has no corresponding entity
2021-04-24 16:53:18,063 |OFBiz-batch-1        |DatabaseUtil                  |W| Table named [EMPL_POSITION_FULFILLMENT] exists in the database but has no corresponding entity
2021-04-24 16:53:18,063 |OFBiz-batch-1        |DatabaseUtil                  |W| Table named [EMPL_POSITION_REPORTING_STRUCT] exists in the database but has no corresponding entity
2021-04-24 16:53:18,063 |OFBiz-batch-1        |DatabaseUtil                  |W| Table named [EMPL_POSITION_RESPONSIBILITY] exists in the database but has no corresponding entity
2021-04-24 16:53:18,063 |OFBiz-batch-1        |DatabaseUtil                  |W| Table named [EMPL_POSITION_TYPE] exists in the database but has no corresponding entity
2021-04-24 16:53:18,063 |OFBiz-batch-1        |DatabaseUtil                  |W| Table named [EMPL_POSITION_TYPE_CLASS] exists in the database but has no corresponding entity
2021-04-24 16:53:18,063 |OFBiz-batch-1        |DatabaseUtil                  |W| Table named [EMPL_POSITION_TYPE_RATE_NEW] exists in the database but has no corresponding entity
2021-04-24 16:53:18,063 |OFBiz-batch-1        |DatabaseUtil                  |W| Table named [ENTITY_AUDIT_LOG] exists in the database but has no corresponding entity
2021-04-24 16:53:18,063 |OFBiz-batch-1        |DatabaseUtil                  |W| Table named [ENTITY_GROUP] exists in the database but has no corresponding entity
2021-04-24 16:53:18,063 |OFBiz-batch-1        |DatabaseUtil                  |W| Table named [ENTITY_GROUP_ENTRY] exists in the database but has no corresponding entity
2021-04-24 16:53:18,063 |OFBiz-batch-1        |DatabaseUtil                  |W| Table named [ENTITY_KEY_STORE] exists in the database but has no corresponding entity
2021-04-24 16:53:18,063 |OFBiz-batch-1        |DatabaseUtil                  |W| Table named [ENTITY_SYNC] exists in the database but has no corresponding entity
2021-04-24 16:53:18,063 |OFBiz-batch-1        |DatabaseUtil                  |W| Table named [ENTITY_SYNC_HISTORY] exists in the database but has no corresponding entity
2021-04-24 16:53:18,063 |OFBiz-batch-1        |DatabaseUtil                  |W| Table named [ENTITY_SYNC_INCLUDE] exists in the database but has no corresponding entity
2021-04-24 16:53:18,064 |OFBiz-batch-1        |DatabaseUtil                  |W| Table named [ENTITY_SYNC_INCLUDE_GROUP] exists in the database but has no corresponding entity
2021-04-24 16:53:18,064 |OFBiz-batch-1        |DatabaseUtil                  |W| Table named [ENTITY_SYNC_REMOVE] exists in the database but has no corresponding entity
2021-04-24 16:53:18,064 |OFBiz-batch-1        |DatabaseUtil                  |W| Table named [ENUMERATION] exists in the database but has no corresponding entity
2021-04-24 16:53:18,064 |OFBiz-batch-1        |DatabaseUtil                  |W| Table named [ENUMERATION_TYPE] exists in the database but has no corresponding entity
2021-04-24 16:53:18,064 |OFBiz-batch-1        |DatabaseUtil                  |W| Table named [FACILITY] exists in the database but has no corresponding entity
2021-04-24 16:53:18,064 |OFBiz-batch-1        |DatabaseUtil                  |W| Table named [FACILITY_ATTRIBUTE] exists in the database but has no corresponding entity
2021-04-24 16:53:18,064 |OFBiz-batch-1        |DatabaseUtil                  |W| Table named [FACILITY_CALENDAR] exists in the database but has no corresponding entity
2021-04-24 16:53:18,064 |OFBiz-batch-1        |DatabaseUtil                  |W| Table named [FACILITY_CALENDAR_TYPE] exists in the database but has no corresponding entity
2021-04-24 16:53:18,064 |OFBiz-batch-1        |DatabaseUtil                  |W| Table named [FACILITY_CARRIER_SHIPMENT] exists in the database but has no corresponding entity
2021-04-24 16:53:18,064 |OFBiz-batch-1        |DatabaseUtil                  |W| Table named [FACILITY_CONTACT_MECH] exists in the database but has no corresponding entity
2021-04-24 16:53:18,064 |OFBiz-batch-1        |DatabaseUtil                  |W| Table named [FACILITY_CONTACT_MECH_PURPOSE] exists in the database but has no corresponding entity
2021-04-24 16:53:18,064 |OFBiz-batch-1        |DatabaseUtil                  |W| Table named [FACILITY_CONTENT] exists in the database but has no corresponding entity
2021-04-24 16:53:18,064 |OFBiz-batch-1        |DatabaseUtil                  |W| Table named [FACILITY_GROUP] exists in the database but has no corresponding entity
2021-04-24 16:53:18,064 |OFBiz-batch-1        |DatabaseUtil                  |W| Table named [FACILITY_GROUP_MEMBER] exists in the database but has no corresponding entity
2021-04-24 16:53:18,064 |OFBiz-batch-1        |DatabaseUtil                  |W| Table named [FACILITY_GROUP_ROLE] exists in the database but has no corresponding entity
2021-04-24 16:53:18,064 |OFBiz-batch-1        |DatabaseUtil                  |W| Table named [FACILITY_GROUP_ROLLUP] exists in the database but has no corresponding entity
2021-04-24 16:53:18,064 |OFBiz-batch-1        |DatabaseUtil                  |W| Table named [FACILITY_GROUP_TYPE] exists in the database but has no corresponding entity
2021-04-24 16:53:18,065 |OFBiz-batch-1        |DatabaseUtil                  |W| Table named [FACILITY_LOCATION] exists in the database but has no corresponding entity
2021-04-24 16:53:18,065 |OFBiz-batch-1        |DatabaseUtil                  |W| Table named [FACILITY_LOCATION_GEO_POINT] exists in the database but has no corresponding entity
2021-04-24 16:53:18,065 |OFBiz-batch-1        |DatabaseUtil                  |W| Table named [FACILITY_PARTY] exists in the database but has no corresponding entity
2021-04-24 16:53:18,065 |OFBiz-batch-1        |DatabaseUtil                  |W| Table named [FACILITY_TYPE] exists in the database but has no corresponding entity
2021-04-24 16:53:18,065 |OFBiz-batch-1        |DatabaseUtil                  |W| Table named [FACILITY_TYPE_ATTR] exists in the database but has no corresponding entity
2021-04-24 16:53:18,065 |OFBiz-batch-1        |DatabaseUtil                  |W| Table named [FILE_EXTENSION] exists in the database but has no corresponding entity
2021-04-24 16:53:18,065 |OFBiz-batch-1        |DatabaseUtil                  |W| Table named [FIN_ACCOUNT] exists in the database but has no corresponding entity
2021-04-24 16:53:18,065 |OFBiz-batch-1        |DatabaseUtil                  |W| Table named [FIN_ACCOUNT_ATTRIBUTE] exists in the database but has no corresponding entity
2021-04-24 16:53:18,065 |OFBiz-batch-1        |DatabaseUtil                  |W| Table named [FIN_ACCOUNT_AUTH] exists in the database but has no corresponding entity
2021-04-24 16:53:18,065 |OFBiz-batch-1        |DatabaseUtil                  |W| Table named [FIN_ACCOUNT_ROLE] exists in the database but has no corresponding entity
2021-04-24 16:53:18,065 |OFBiz-batch-1        |DatabaseUtil                  |W| Table named [FIN_ACCOUNT_STATUS] exists in the database but has no corresponding entity
2021-04-24 16:53:18,065 |OFBiz-batch-1        |DatabaseUtil                  |W| Table named [FIN_ACCOUNT_TRANS] exists in the database but has no corresponding entity
2021-04-24 16:53:18,065 |OFBiz-batch-1        |DatabaseUtil                  |W| Table named [FIN_ACCOUNT_TRANS_ATTRIBUTE] exists in the database but has no corresponding entity
2021-04-24 16:53:18,070 |OFBiz-batch-1        |DatabaseUtil                  |W| Table named [FIN_ACCOUNT_TRANS_TYPE] exists in the database but has no corresponding entity
2021-04-24 16:53:18,070 |OFBiz-batch-1        |DatabaseUtil                  |W| Table named [FIN_ACCOUNT_TRANS_TYPE_ATTR] exists in the database but has no corresponding entity
2021-04-24 16:53:18,070 |OFBiz-batch-1        |DatabaseUtil                  |W| Table named [FIN_ACCOUNT_TYPE] exists in the database but has no corresponding entity
2021-04-24 16:53:18,071 |OFBiz-batch-1        |DatabaseUtil                  |W| Table named [FIN_ACCOUNT_TYPE_ATTR] exists in the database but has no corresponding entity
2021-04-24 16:53:18,071 |OFBiz-batch-1        |DatabaseUtil                  |W| Table named [FIN_ACCOUNT_TYPE_GL_ACCOUNT] exists in the database but has no corresponding entity
2021-04-24 16:53:18,071 |OFBiz-batch-1        |DatabaseUtil                  |W| Table named [FIXED_ASSET] exists in the database but has no corresponding entity
2021-04-24 16:53:18,071 |OFBiz-batch-1        |DatabaseUtil                  |W| Table named [FIXED_ASSET_ATTRIBUTE] exists in the database but has no corresponding entity
2021-04-24 16:53:18,071 |OFBiz-batch-1        |DatabaseUtil                  |W| Table named [FIXED_ASSET_DEP_METHOD] exists in the database but has no corresponding entity
2021-04-24 16:53:18,071 |OFBiz-batch-1        |DatabaseUtil                  |W| Table named [FIXED_ASSET_GEO_POINT] exists in the database but has no corresponding entity
2021-04-24 16:53:18,071 |OFBiz-batch-1        |DatabaseUtil                  |W| Table named [FIXED_ASSET_IDENT] exists in the database but has no corresponding entity
2021-04-24 16:53:18,071 |OFBiz-batch-1        |DatabaseUtil                  |W| Table named [FIXED_ASSET_IDENT_TYPE] exists in the database but has no corresponding entity
2021-04-24 16:53:18,071 |OFBiz-batch-1        |DatabaseUtil                  |W| Table named [FIXED_ASSET_MAINT] exists in the database but has no corresponding entity
2021-04-24 16:53:18,071 |OFBiz-batch-1        |DatabaseUtil                  |W| Table named [FIXED_ASSET_MAINT_ORDER] exists in the database but has no corresponding entity
2021-04-24 16:53:18,071 |OFBiz-batch-1        |DatabaseUtil                  |W| Table named [FIXED_ASSET_METER] exists in the database but has no corresponding entity
2021-04-24 16:53:18,071 |OFBiz-batch-1        |DatabaseUtil                  |W| Table named [FIXED_ASSET_PRODUCT] exists in the database but has no corresponding entity
2021-04-24 16:53:18,071 |OFBiz-batch-1        |DatabaseUtil                  |W| Table named [FIXED_ASSET_PRODUCT_TYPE] exists in the database but has no corresponding entity
2021-04-24 16:53:18,071 |OFBiz-batch-1        |DatabaseUtil                  |W| Table named [FIXED_ASSET_REGISTRATION] exists in the database but has no corresponding entity
2021-04-24 16:53:18,071 |OFBiz-batch-1        |DatabaseUtil                  |W| Table named [FIXED_ASSET_STD_COST] exists in the database but has no corresponding entity
2021-04-24 16:53:18,071 |OFBiz-batch-1        |DatabaseUtil                  |W| Table named [FIXED_ASSET_STD_COST_TYPE] exists in the database but has no corresponding entity
2021-04-24 16:53:18,071 |OFBiz-batch-1        |DatabaseUtil                  |W| Table named [FIXED_ASSET_TYPE] exists in the database but has no corresponding entity
2021-04-24 16:53:18,071 |OFBiz-batch-1        |DatabaseUtil                  |W| Table named [FIXED_ASSET_TYPE_ATTR] exists in the database but has no corresponding entity
2021-04-24 16:53:18,072 |OFBiz-batch-1        |DatabaseUtil                  |W| Table named [FIXED_ASSET_TYPE_GL_ACCOUNT] exists in the database but has no corresponding entity
2021-04-24 16:53:18,073 |OFBiz-batch-1        |DatabaseUtil                  |W| Table named [GEO] exists in the database but has no corresponding entity
2021-04-24 16:53:18,073 |OFBiz-batch-1        |DatabaseUtil                  |W| Table named [GEO_ASSOC] exists in the database but has no corresponding entity
2021-04-24 16:53:18,073 |OFBiz-batch-1        |DatabaseUtil                  |W| Table named [GEO_ASSOC_TYPE] exists in the database but has no corresponding entity
2021-04-24 16:53:18,073 |OFBiz-batch-1        |DatabaseUtil                  |W| Table named [GEO_POINT] exists in the database but has no corresponding entity
2021-04-24 16:53:18,073 |OFBiz-batch-1        |DatabaseUtil                  |W| Table named [GEO_TYPE] exists in the database but has no corresponding entity
2021-04-24 16:53:18,073 |OFBiz-batch-1        |DatabaseUtil                  |W| Table named [GIFT_CARD] exists in the database but has no corresponding entity
2021-04-24 16:53:18,073 |OFBiz-batch-1        |DatabaseUtil                  |W| Table named [GIFT_CARD_FULFILLMENT] exists in the database but has no corresponding entity
2021-04-24 16:53:18,074 |OFBiz-batch-1        |DatabaseUtil                  |W| Table named [GL_ACCOUNT] exists in the database but has no corresponding entity
2021-04-24 16:53:18,074 |OFBiz-batch-1        |DatabaseUtil                  |W| Table named [GL_ACCOUNT_CATEGORY] exists in the database but has no corresponding entity
2021-04-24 16:53:18,074 |OFBiz-batch-1        |DatabaseUtil                  |W| Table named [GL_ACCOUNT_CATEGORY_MEMBER] exists in the database but has no corresponding entity
2021-04-24 16:53:18,074 |OFBiz-batch-1        |DatabaseUtil                  |W| Table named [GL_ACCOUNT_CATEGORY_TYPE] exists in the database but has no corresponding entity
2021-04-24 16:53:18,074 |OFBiz-batch-1        |DatabaseUtil                  |W| Table named [GL_ACCOUNT_CLASS] exists in the database but has no corresponding entity
2021-04-24 16:53:18,074 |OFBiz-batch-1        |DatabaseUtil                  |W| Table named [GL_ACCOUNT_GROUP] exists in the database but has no corresponding entity
2021-04-24 16:53:18,074 |OFBiz-batch-1        |DatabaseUtil                  |W| Table named [GL_ACCOUNT_GROUP_MEMBER] exists in the database but has no corresponding entity
2021-04-24 16:53:18,074 |OFBiz-batch-1        |DatabaseUtil                  |W| Table named [GL_ACCOUNT_GROUP_TYPE] exists in the database but has no corresponding entity
2021-04-24 16:53:18,075 |OFBiz-batch-1        |DatabaseUtil                  |W| Table named [GL_ACCOUNT_HISTORY] exists in the database but has no corresponding entity
2021-04-24 16:53:18,075 |OFBiz-batch-1        |DatabaseUtil                  |W| Table named [GL_ACCOUNT_ORGANIZATION] exists in the database but has no corresponding entity
2021-04-24 16:53:18,075 |OFBiz-batch-1        |DatabaseUtil                  |W| Table named [GL_ACCOUNT_ROLE] exists in the database but has no corresponding entity
2021-04-24 16:53:18,075 |OFBiz-batch-1        |DatabaseUtil                  |W| Table named [GL_ACCOUNT_TYPE] exists in the database but has no corresponding entity
2021-04-24 16:53:18,075 |OFBiz-batch-1        |DatabaseUtil                  |W| Table named [GL_ACCOUNT_TYPE_DEFAULT] exists in the database but has no corresponding entity
2021-04-24 16:53:18,075 |OFBiz-batch-1        |DatabaseUtil                  |W| Table named [GL_BUDGET_XREF] exists in the database but has no corresponding entity
2021-04-24 16:53:18,075 |OFBiz-batch-1        |DatabaseUtil                  |W| Table named [GL_FISCAL_TYPE] exists in the database but has no corresponding entity
2021-04-24 16:53:18,075 |OFBiz-batch-1        |DatabaseUtil                  |W| Table named [GL_JOURNAL] exists in the database but has no corresponding entity
2021-04-24 16:53:18,075 |OFBiz-batch-1        |DatabaseUtil                  |W| Table named [GL_RECONCILIATION] exists in the database but has no corresponding entity
2021-04-24 16:53:18,075 |OFBiz-batch-1        |DatabaseUtil                  |W| Table named [GL_RECONCILIATION_ENTRY] exists in the database but has no corresponding entity
2021-04-24 16:53:18,075 |OFBiz-batch-1        |DatabaseUtil                  |W| Table named [GL_RESOURCE_TYPE] exists in the database but has no corresponding entity
2021-04-24 16:53:18,075 |OFBiz-batch-1        |DatabaseUtil                  |W| Table named [GL_XBRL_CLASS] exists in the database but has no corresponding entity
2021-04-24 16:53:18,075 |OFBiz-batch-1        |DatabaseUtil                  |W| Table named [GOOD_IDENTIFICATION] exists in the database but has no corresponding entity
2021-04-24 16:53:18,075 |OFBiz-batch-1        |DatabaseUtil                  |W| Table named [GOOD_IDENTIFICATION_TYPE] exists in the database but has no corresponding entity
2021-04-24 16:53:18,075 |OFBiz-batch-1        |DatabaseUtil                  |W| Table named [HOST_SUMMARY] exists in the database but has no corresponding entity
2021-04-24 16:53:18,075 |OFBiz-batch-1        |DatabaseUtil                  |W| Table named [HOST_SUMMARY_BY_FILE_IO] exists in the database but has no corresponding entity
2021-04-24 16:53:18,075 |OFBiz-batch-1        |DatabaseUtil                  |W| Table named [HOST_SUMMARY_BY_FILE_IO_TYPE] exists in the database but has no corresponding entity
2021-04-24 16:53:18,076 |OFBiz-batch-1        |DatabaseUtil                  |W| Table named [HOST_SUMMARY_BY_STAGES] exists in the database but has no corresponding entity
2021-04-24 16:53:18,076 |OFBiz-batch-1        |DatabaseUtil                  |W| Table named [HOST_SUMMARY_BY_STATEMENT_LATENCY] exists in the database but has no corresponding entity
2021-04-24 16:53:18,076 |OFBiz-batch-1        |DatabaseUtil                  |W| Table named [HOST_SUMMARY_BY_STATEMENT_TYPE] exists in the database but has no corresponding entity
2021-04-24 16:53:18,076 |OFBiz-batch-1        |DatabaseUtil                  |W| Table named [IMAGE_DATA_RESOURCE] exists in the database but has no corresponding entity
2021-04-24 16:53:18,077 |OFBiz-batch-1        |DatabaseUtil                  |W| Table named [INNODB_BUFFER_STATS_BY_SCHEMA] exists in the database but has no corresponding entity
2021-04-24 16:53:18,077 |OFBiz-batch-1        |DatabaseUtil                  |W| Table named [INNODB_BUFFER_STATS_BY_TABLE] exists in the database but has no corresponding entity
2021-04-24 16:53:18,077 |OFBiz-batch-1        |DatabaseUtil                  |W| Table named [INNODB_LOCK_WAITS] exists in the database but has no corresponding entity
2021-04-24 16:53:18,077 |OFBiz-batch-1        |DatabaseUtil                  |W| Table named [INVENTORY_ITEM] exists in the database but has no corresponding entity
2021-04-24 16:53:18,078 |OFBiz-batch-1        |DatabaseUtil                  |W| Table named [INVENTORY_ITEM_ATTRIBUTE] exists in the database but has no corresponding entity
2021-04-24 16:53:18,078 |OFBiz-batch-1        |DatabaseUtil                  |W| Table named [INVENTORY_ITEM_DETAIL] exists in the database but has no corresponding entity
2021-04-24 16:53:18,078 |OFBiz-batch-1        |DatabaseUtil                  |W| Table named [INVENTORY_ITEM_LABEL] exists in the database but has no corresponding entity
2021-04-24 16:53:18,078 |OFBiz-batch-1        |DatabaseUtil                  |W| Table named [INVENTORY_ITEM_LABEL_APPL] exists in the database but has no corresponding entity
2021-04-24 16:53:18,078 |OFBiz-batch-1        |DatabaseUtil                  |W| Table named [INVENTORY_ITEM_LABEL_TYPE] exists in the database but has no corresponding entity
2021-04-24 16:53:18,078 |OFBiz-batch-1        |DatabaseUtil                  |W| Table named [INVENTORY_ITEM_STATUS] exists in the database but has no corresponding entity
2021-04-24 16:53:18,079 |OFBiz-batch-1        |DatabaseUtil                  |W| Table named [INVENTORY_ITEM_TEMP_RES] exists in the database but has no corresponding entity
2021-04-24 16:53:18,079 |OFBiz-batch-1        |DatabaseUtil                  |W| Table named [INVENTORY_ITEM_TYPE] exists in the database but has no corresponding entity
2021-04-24 16:53:18,079 |OFBiz-batch-1        |DatabaseUtil                  |W| Table named [INVENTORY_ITEM_TYPE_ATTR] exists in the database but has no corresponding entity
2021-04-24 16:53:18,079 |OFBiz-batch-1        |DatabaseUtil                  |W| Table named [INVENTORY_ITEM_VARIANCE] exists in the database but has no corresponding entity
2021-04-24 16:53:18,079 |OFBiz-batch-1        |DatabaseUtil                  |W| Table named [INVENTORY_TRANSFER] exists in the database but has no corresponding entity
2021-04-24 16:53:18,079 |OFBiz-batch-1        |DatabaseUtil                  |W| Table named [INVOICE] exists in the database but has no corresponding entity
2021-04-24 16:53:18,080 |OFBiz-batch-1        |DatabaseUtil                  |W| Table named [INVOICE_ATTRIBUTE] exists in the database but has no corresponding entity
2021-04-24 16:53:18,080 |OFBiz-batch-1        |DatabaseUtil                  |W| Table named [INVOICE_CONTACT_MECH] exists in the database but has no corresponding entity
2021-04-24 16:53:18,080 |OFBiz-batch-1        |DatabaseUtil                  |W| Table named [INVOICE_CONTENT] exists in the database but has no corresponding entity
2021-04-24 16:53:18,080 |OFBiz-batch-1        |DatabaseUtil                  |W| Table named [INVOICE_CONTENT_TYPE] exists in the database but has no corresponding entity
2021-04-24 16:53:18,080 |OFBiz-batch-1        |DatabaseUtil                  |W| Table named [INVOICE_ITEM] exists in the database but has no corresponding entity
2021-04-24 16:53:18,080 |OFBiz-batch-1        |DatabaseUtil                  |W| Table named [INVOICE_ITEM_ASSOC] exists in the database but has no corresponding entity
2021-04-24 16:53:18,080 |OFBiz-batch-1        |DatabaseUtil                  |W| Table named [INVOICE_ITEM_ASSOC_TYPE] exists in the database but has no corresponding entity
2021-04-24 16:53:18,080 |OFBiz-batch-1        |DatabaseUtil                  |W| Table named [INVOICE_ITEM_ATTRIBUTE] exists in the database but has no corresponding entity
2021-04-24 16:53:18,081 |OFBiz-batch-1        |DatabaseUtil                  |W| Table named [INVOICE_ITEM_TYPE] exists in the database but has no corresponding entity
2021-04-24 16:53:18,082 |OFBiz-batch-1        |DatabaseUtil                  |W| Table named [INVOICE_ITEM_TYPE_ATTR] exists in the database but has no corresponding entity
2021-04-24 16:53:18,086 |OFBiz-batch-1        |DatabaseUtil                  |W| Table named [INVOICE_ITEM_TYPE_GL_ACCOUNT] exists in the database but has no corresponding entity
2021-04-24 16:53:18,086 |OFBiz-batch-1        |DatabaseUtil                  |W| Table named [INVOICE_ITEM_TYPE_MAP] exists in the database but has no corresponding entity
2021-04-24 16:53:18,087 |OFBiz-batch-1        |DatabaseUtil                  |W| Table named [INVOICE_NOTE] exists in the database but has no corresponding entity
2021-04-24 16:53:18,087 |OFBiz-batch-1        |DatabaseUtil                  |W| Table named [INVOICE_ROLE] exists in the database but has no corresponding entity
2021-04-24 16:53:18,087 |OFBiz-batch-1        |DatabaseUtil                  |W| Table named [INVOICE_STATUS] exists in the database but has no corresponding entity
2021-04-24 16:53:18,087 |OFBiz-batch-1        |DatabaseUtil                  |W| Table named [INVOICE_TERM] exists in the database but has no corresponding entity
2021-04-24 16:53:18,087 |OFBiz-batch-1        |DatabaseUtil                  |W| Table named [INVOICE_TERM_ATTRIBUTE] exists in the database but has no corresponding entity
2021-04-24 16:53:18,087 |OFBiz-batch-1        |DatabaseUtil                  |W| Table named [INVOICE_TYPE] exists in the database but has no corresponding entity
2021-04-24 16:53:18,087 |OFBiz-batch-1        |DatabaseUtil                  |W| Table named [INVOICE_TYPE_ATTR] exists in the database but has no corresponding entity
2021-04-24 16:53:18,087 |OFBiz-batch-1        |DatabaseUtil                  |W| Table named [IO_BY_THREAD_BY_LATENCY] exists in the database but has no corresponding entity
2021-04-24 16:53:18,087 |OFBiz-batch-1        |DatabaseUtil                  |W| Table named [IO_GLOBAL_BY_FILE_BY_BYTES] exists in the database but has no corresponding entity
2021-04-24 16:53:18,087 |OFBiz-batch-1        |DatabaseUtil                  |W| Table named [IO_GLOBAL_BY_FILE_BY_LATENCY] exists in the database but has no corresponding entity
2021-04-24 16:53:18,087 |OFBiz-batch-1        |DatabaseUtil                  |W| Table named [IO_GLOBAL_BY_WAIT_BY_BYTES] exists in the database but has no corresponding entity
2021-04-24 16:53:18,087 |OFBiz-batch-1        |DatabaseUtil                  |W| Table named [IO_GLOBAL_BY_WAIT_BY_LATENCY] exists in the database but has no corresponding entity
2021-04-24 16:53:18,087 |OFBiz-batch-1        |DatabaseUtil                  |W| Table named [ITEM_ISSUANCE] exists in the database but has no corresponding entity
2021-04-24 16:53:18,087 |OFBiz-batch-1        |DatabaseUtil                  |W| Table named [ITEM_ISSUANCE_ROLE] exists in the database but has no corresponding entity
2021-04-24 16:53:18,087 |OFBiz-batch-1        |DatabaseUtil                  |W| Table named [JAVA_RESOURCE] exists in the database but has no corresponding entity
2021-04-24 16:53:18,087 |OFBiz-batch-1        |DatabaseUtil                  |W| Table named [JOB_INTERVIEW] exists in the database but has no corresponding entity
2021-04-24 16:53:18,087 |OFBiz-batch-1        |DatabaseUtil                  |W| Table named [JOB_INTERVIEW_TYPE] exists in the database but has no corresponding entity
2021-04-24 16:53:18,087 |OFBiz-batch-1        |DatabaseUtil                  |W| Table named [JOB_MANAGER_LOCK] exists in the database but has no corresponding entity
2021-04-24 16:53:18,090 |OFBiz-batch-1        |DatabaseUtil                  |W| Table named [JOB_REQUISITION] exists in the database but has no corresponding entity
2021-04-24 16:53:18,090 |OFBiz-batch-1        |DatabaseUtil                  |W| Table named [JOB_SANDBOX] exists in the database but has no corresponding entity
2021-04-24 16:53:18,090 |OFBiz-batch-1        |DatabaseUtil                  |W| Table named [KEYWORD_THESAURUS] exists in the database but has no corresponding entity
2021-04-24 16:53:18,090 |OFBiz-batch-1        |DatabaseUtil                  |W| Table named [LATEST_FILE_IO] exists in the database but has no corresponding entity
2021-04-24 16:53:18,090 |OFBiz-batch-1        |DatabaseUtil                  |W| Table named [LOT] exists in the database but has no corresponding entity
2021-04-24 16:53:18,091 |OFBiz-batch-1        |DatabaseUtil                  |W| Table named [MARKETING_CAMPAIGN] exists in the database but has no corresponding entity
2021-04-24 16:53:18,091 |OFBiz-batch-1        |DatabaseUtil                  |W| Table named [MARKETING_CAMPAIGN_NOTE] exists in the database but has no corresponding entity
2021-04-24 16:53:18,091 |OFBiz-batch-1        |DatabaseUtil                  |W| Table named [MARKETING_CAMPAIGN_PRICE] exists in the database but has no corresponding entity
2021-04-24 16:53:18,091 |OFBiz-batch-1        |DatabaseUtil                  |W| Table named [MARKETING_CAMPAIGN_PROMO] exists in the database but has no corresponding entity
2021-04-24 16:53:18,091 |OFBiz-batch-1        |DatabaseUtil                  |W| Table named [MARKETING_CAMPAIGN_ROLE] exists in the database but has no corresponding entity
2021-04-24 16:53:18,091 |OFBiz-batch-1        |DatabaseUtil                  |W| Table named [MARKET_INTEREST] exists in the database but has no corresponding entity
2021-04-24 16:53:18,091 |OFBiz-batch-1        |DatabaseUtil                  |W| Table named [MEMORY_BY_HOST_BY_CURRENT_BYTES] exists in the database but has no corresponding entity
2021-04-24 16:53:18,091 |OFBiz-batch-1        |DatabaseUtil                  |W| Table named [MEMORY_BY_THREAD_BY_CURRENT_BYTES] exists in the database but has no corresponding entity
2021-04-24 16:53:18,091 |OFBiz-batch-1        |DatabaseUtil                  |W| Table named [MEMORY_BY_USER_BY_CURRENT_BYTES] exists in the database but has no corresponding entity
2021-04-24 16:53:18,091 |OFBiz-batch-1        |DatabaseUtil                  |W| Table named [MEMORY_GLOBAL_BY_CURRENT_BYTES] exists in the database but has no corresponding entity
2021-04-24 16:53:18,091 |OFBiz-batch-1        |DatabaseUtil                  |W| Table named [MEMORY_GLOBAL_TOTAL] exists in the database but has no corresponding entity
2021-04-24 16:53:18,091 |OFBiz-batch-1        |DatabaseUtil                  |W| Table named [META_DATA_PREDICATE] exists in the database but has no corresponding entity
2021-04-24 16:53:18,091 |OFBiz-batch-1        |DatabaseUtil                  |W| Table named [METRICS] exists in the database but has no corresponding entity
2021-04-24 16:53:18,091 |OFBiz-batch-1        |DatabaseUtil                  |W| Table named [MIME_TYPE] exists in the database but has no corresponding entity
2021-04-24 16:53:18,091 |OFBiz-batch-1        |DatabaseUtil                  |W| Table named [MIME_TYPE_HTML_TEMPLATE] exists in the database but has no corresponding entity
2021-04-24 16:53:18,091 |OFBiz-batch-1        |DatabaseUtil                  |W| Table named [MRP_EVENT] exists in the database but has no corresponding entity
2021-04-24 16:53:18,091 |OFBiz-batch-1        |DatabaseUtil                  |W| Table named [MRP_EVENT_TYPE] exists in the database but has no corresponding entity
2021-04-24 16:53:18,091 |OFBiz-batch-1        |DatabaseUtil                  |W| Table named [NEED_TYPE] exists in the database but has no corresponding entity
2021-04-24 16:53:18,091 |OFBiz-batch-1        |DatabaseUtil                  |W| Table named [NOTE_DATA] exists in the database but has no corresponding entity
2021-04-24 16:53:18,091 |OFBiz-batch-1        |DatabaseUtil                  |W| Table named [ORDER_ADJUSTMENT] exists in the database but has no corresponding entity
2021-04-24 16:53:18,091 |OFBiz-batch-1        |DatabaseUtil                  |W| Table named [ORDER_ADJUSTMENT_ATTRIBUTE] exists in the database but has no corresponding entity
2021-04-24 16:53:18,091 |OFBiz-batch-1        |DatabaseUtil                  |W| Table named [ORDER_ADJUSTMENT_BILLING] exists in the database but has no corresponding entity
2021-04-24 16:53:18,091 |OFBiz-batch-1        |DatabaseUtil                  |W| Table named [ORDER_ADJUSTMENT_TYPE] exists in the database but has no corresponding entity
2021-04-24 16:53:18,091 |OFBiz-batch-1        |DatabaseUtil                  |W| Table named [ORDER_ADJUSTMENT_TYPE_ATTR] exists in the database but has no corresponding entity
2021-04-24 16:53:18,091 |OFBiz-batch-1        |DatabaseUtil                  |W| Table named [ORDER_ATTRIBUTE] exists in the database but has no corresponding entity
2021-04-24 16:53:18,091 |OFBiz-batch-1        |DatabaseUtil                  |W| Table named [ORDER_BLACKLIST] exists in the database but has no corresponding entity
2021-04-24 16:53:18,092 |OFBiz-batch-1        |DatabaseUtil                  |W| Table named [ORDER_BLACKLIST_TYPE] exists in the database but has no corresponding entity
2021-04-24 16:53:18,092 |OFBiz-batch-1        |DatabaseUtil                  |W| Table named [ORDER_CONTACT_MECH] exists in the database but has no corresponding entity
2021-04-24 16:53:18,092 |OFBiz-batch-1        |DatabaseUtil                  |W| Table named [ORDER_CONTENT] exists in the database but has no corresponding entity
2021-04-24 16:53:18,092 |OFBiz-batch-1        |DatabaseUtil                  |W| Table named [ORDER_CONTENT_TYPE] exists in the database but has no corresponding entity
2021-04-24 16:53:18,092 |OFBiz-batch-1        |DatabaseUtil                  |W| Table named [ORDER_DELIVERY_SCHEDULE] exists in the database but has no corresponding entity
2021-04-24 16:53:18,092 |OFBiz-batch-1        |DatabaseUtil                  |W| Table named [ORDER_HEADER] exists in the database but has no corresponding entity
2021-04-24 16:53:18,092 |OFBiz-batch-1        |DatabaseUtil                  |W| Table named [ORDER_HEADER_NOTE] exists in the database but has no corresponding entity
2021-04-24 16:53:18,092 |OFBiz-batch-1        |DatabaseUtil                  |W| Table named [ORDER_HEADER_WORK_EFFORT] exists in the database but has no corresponding entity
2021-04-24 16:53:18,092 |OFBiz-batch-1        |DatabaseUtil                  |W| Table named [ORDER_ITEM] exists in the database but has no corresponding entity
2021-04-24 16:53:18,092 |OFBiz-batch-1        |DatabaseUtil                  |W| Table named [ORDER_ITEM_ASSOC] exists in the database but has no corresponding entity
2021-04-24 16:53:18,092 |OFBiz-batch-1        |DatabaseUtil                  |W| Table named [ORDER_ITEM_ASSOC_TYPE] exists in the database but has no corresponding entity
2021-04-24 16:53:18,092 |OFBiz-batch-1        |DatabaseUtil                  |W| Table named [ORDER_ITEM_ATTRIBUTE] exists in the database but has no corresponding entity
2021-04-24 16:53:18,092 |OFBiz-batch-1        |DatabaseUtil                  |W| Table named [ORDER_ITEM_BILLING] exists in the database but has no corresponding entity
2021-04-24 16:53:18,092 |OFBiz-batch-1        |DatabaseUtil                  |W| Table named [ORDER_ITEM_CHANGE] exists in the database but has no corresponding entity
2021-04-24 16:53:18,092 |OFBiz-batch-1        |DatabaseUtil                  |W| Table named [ORDER_ITEM_CONTACT_MECH] exists in the database but has no corresponding entity
2021-04-24 16:53:18,092 |OFBiz-batch-1        |DatabaseUtil                  |W| Table named [ORDER_ITEM_GROUP] exists in the database but has no corresponding entity
2021-04-24 16:53:18,092 |OFBiz-batch-1        |DatabaseUtil                  |W| Table named [ORDER_ITEM_GROUP_ORDER] exists in the database but has no corresponding entity
2021-04-24 16:53:18,092 |OFBiz-batch-1        |DatabaseUtil                  |W| Table named [ORDER_ITEM_PRICE_INFO] exists in the database but has no corresponding entity
2021-04-24 16:53:18,092 |OFBiz-batch-1        |DatabaseUtil                  |W| Table named [ORDER_ITEM_ROLE] exists in the database but has no corresponding entity
2021-04-24 16:53:18,092 |OFBiz-batch-1        |DatabaseUtil                  |W| Table named [ORDER_ITEM_SHIP_GROUP] exists in the database but has no corresponding entity
2021-04-24 16:53:18,092 |OFBiz-batch-1        |DatabaseUtil                  |W| Table named [ORDER_ITEM_SHIP_GROUP_ASSOC] exists in the database but has no corresponding entity
2021-04-24 16:53:18,092 |OFBiz-batch-1        |DatabaseUtil                  |W| Table named [ORDER_ITEM_SHIP_GRP_INV_RES] exists in the database but has no corresponding entity
2021-04-24 16:53:18,092 |OFBiz-batch-1        |DatabaseUtil                  |W| Table named [ORDER_ITEM_TYPE] exists in the database but has no corresponding entity
2021-04-24 16:53:18,092 |OFBiz-batch-1        |DatabaseUtil                  |W| Table named [ORDER_ITEM_TYPE_ATTR] exists in the database but has no corresponding entity
2021-04-24 16:53:18,092 |OFBiz-batch-1        |DatabaseUtil                  |W| Table named [ORDER_NOTIFICATION] exists in the database but has no corresponding entity
2021-04-24 16:53:18,093 |OFBiz-batch-1        |DatabaseUtil                  |W| Table named [ORDER_PAYMENT_PREFERENCE] exists in the database but has no corresponding entity
2021-04-24 16:53:18,093 |OFBiz-batch-1        |DatabaseUtil                  |W| Table named [ORDER_PRODUCT_PROMO_CODE] exists in the database but has no corresponding entity
2021-04-24 16:53:18,093 |OFBiz-batch-1        |DatabaseUtil                  |W| Table named [ORDER_REQUIREMENT_COMMITMENT] exists in the database but has no corresponding entity
2021-04-24 16:53:18,093 |OFBiz-batch-1        |DatabaseUtil                  |W| Table named [ORDER_ROLE] exists in the database but has no corresponding entity
2021-04-24 16:53:18,093 |OFBiz-batch-1        |DatabaseUtil                  |W| Table named [ORDER_SHIPMENT] exists in the database but has no corresponding entity
2021-04-24 16:53:18,093 |OFBiz-batch-1        |DatabaseUtil                  |W| Table named [ORDER_STATUS] exists in the database but has no corresponding entity
2021-04-24 16:53:18,093 |OFBiz-batch-1        |DatabaseUtil                  |W| Table named [ORDER_SUMMARY_ENTRY] exists in the database but has no corresponding entity
2021-04-24 16:53:18,093 |OFBiz-batch-1        |DatabaseUtil                  |W| Table named [ORDER_TERM] exists in the database but has no corresponding entity
2021-04-24 16:53:18,093 |OFBiz-batch-1        |DatabaseUtil                  |W| Table named [ORDER_TERM_ATTRIBUTE] exists in the database but has no corresponding entity
2021-04-24 16:53:18,093 |OFBiz-batch-1        |DatabaseUtil                  |W| Table named [ORDER_TYPE] exists in the database but has no corresponding entity
2021-04-24 16:53:18,093 |OFBiz-batch-1        |DatabaseUtil                  |W| Table named [ORDER_TYPE_ATTR] exists in the database but has no corresponding entity
2021-04-24 16:53:18,093 |OFBiz-batch-1        |DatabaseUtil                  |W| Table named [OTHER_DATA_RESOURCE] exists in the database but has no corresponding entity
2021-04-24 16:53:18,093 |OFBiz-batch-1        |DatabaseUtil                  |W| Table named [PARTY] exists in the database but has no corresponding entity
2021-04-24 16:53:18,093 |OFBiz-batch-1        |DatabaseUtil                  |W| Table named [PARTY_ACCTG_PREFERENCE] exists in the database but has no corresponding entity
2021-04-24 16:53:18,093 |OFBiz-batch-1        |DatabaseUtil                  |W| Table named [PARTY_ATTRIBUTE] exists in the database but has no corresponding entity
2021-04-24 16:53:18,093 |OFBiz-batch-1        |DatabaseUtil                  |W| Table named [PARTY_BENEFIT] exists in the database but has no corresponding entity
2021-04-24 16:53:18,093 |OFBiz-batch-1        |DatabaseUtil                  |W| Table named [PARTY_CARRIER_ACCOUNT] exists in the database but has no corresponding entity
2021-04-24 16:53:18,093 |OFBiz-batch-1        |DatabaseUtil                  |W| Table named [PARTY_CLASSIFICATION] exists in the database but has no corresponding entity
2021-04-24 16:53:18,093 |OFBiz-batch-1        |DatabaseUtil                  |W| Table named [PARTY_CLASSIFICATION_GROUP] exists in the database but has no corresponding entity
2021-04-24 16:53:18,093 |OFBiz-batch-1        |DatabaseUtil                  |W| Table named [PARTY_CLASSIFICATION_TYPE] exists in the database but has no corresponding entity
2021-04-24 16:53:18,093 |OFBiz-batch-1        |DatabaseUtil                  |W| Table named [PARTY_CONTACT_MECH] exists in the database but has no corresponding entity
2021-04-24 16:53:18,093 |OFBiz-batch-1        |DatabaseUtil                  |W| Table named [PARTY_CONTACT_MECH_PURPOSE] exists in the database but has no corresponding entity
2021-04-24 16:53:18,093 |OFBiz-batch-1        |DatabaseUtil                  |W| Table named [PARTY_CONTENT] exists in the database but has no corresponding entity
2021-04-24 16:53:18,093 |OFBiz-batch-1        |DatabaseUtil                  |W| Table named [PARTY_CONTENT_TYPE] exists in the database but has no corresponding entity
2021-04-24 16:53:18,093 |OFBiz-batch-1        |DatabaseUtil                  |W| Table named [PARTY_DATA_SOURCE] exists in the database but has no corresponding entity
2021-04-24 16:53:18,093 |OFBiz-batch-1        |DatabaseUtil                  |W| Table named [PARTY_FIXED_ASSET_ASSIGNMENT] exists in the database but has no corresponding entity
2021-04-24 16:53:18,094 |OFBiz-batch-1        |DatabaseUtil                  |W| Table named [PARTY_GEO_POINT] exists in the database but has no corresponding entity
2021-04-24 16:53:18,094 |OFBiz-batch-1        |DatabaseUtil                  |W| Table named [PARTY_GL_ACCOUNT] exists in the database but has no corresponding entity
2021-04-24 16:53:18,094 |OFBiz-batch-1        |DatabaseUtil                  |W| Table named [PARTY_GROUP] exists in the database but has no corresponding entity
2021-04-24 16:53:18,094 |OFBiz-batch-1        |DatabaseUtil                  |W| Table named [PARTY_ICS_AVS_OVERRIDE] exists in the database but has no corresponding entity
2021-04-24 16:53:18,094 |OFBiz-batch-1        |DatabaseUtil                  |W| Table named [PARTY_IDENTIFICATION] exists in the database but has no corresponding entity
2021-04-24 16:53:18,094 |OFBiz-batch-1        |DatabaseUtil                  |W| Table named [PARTY_IDENTIFICATION_TYPE] exists in the database but has no corresponding entity
2021-04-24 16:53:18,094 |OFBiz-batch-1        |DatabaseUtil                  |W| Table named [PARTY_INVITATION] exists in the database but has no corresponding entity
2021-04-24 16:53:18,094 |OFBiz-batch-1        |DatabaseUtil                  |W| Table named [PARTY_INVITATION_GROUP_ASSOC] exists in the database but has no corresponding entity
2021-04-24 16:53:18,094 |OFBiz-batch-1        |DatabaseUtil                  |W| Table named [PARTY_INVITATION_ROLE_ASSOC] exists in the database but has no corresponding entity
2021-04-24 16:53:18,094 |OFBiz-batch-1        |DatabaseUtil                  |W| Table named [PARTY_NAME_HISTORY] exists in the database but has no corresponding entity
2021-04-24 16:53:18,094 |OFBiz-batch-1        |DatabaseUtil                  |W| Table named [PARTY_NEED] exists in the database but has no corresponding entity
2021-04-24 16:53:18,094 |OFBiz-batch-1        |DatabaseUtil                  |W| Table named [PARTY_NOTE] exists in the database but has no corresponding entity
2021-04-24 16:53:18,094 |OFBiz-batch-1        |DatabaseUtil                  |W| Table named [PARTY_PROFILE_DEFAULT] exists in the database but has no corresponding entity
2021-04-24 16:53:18,094 |OFBiz-batch-1        |DatabaseUtil                  |W| Table named [PARTY_QUAL] exists in the database but has no corresponding entity
2021-04-24 16:53:18,094 |OFBiz-batch-1        |DatabaseUtil                  |W| Table named [PARTY_QUAL_TYPE] exists in the database but has no corresponding entity
2021-04-24 16:53:18,094 |OFBiz-batch-1        |DatabaseUtil                  |W| Table named [PARTY_RATE_NEW] exists in the database but has no corresponding entity
2021-04-24 16:53:18,094 |OFBiz-batch-1        |DatabaseUtil                  |W| Table named [PARTY_RELATIONSHIP] exists in the database but has no corresponding entity
2021-04-24 16:53:18,094 |OFBiz-batch-1        |DatabaseUtil                  |W| Table named [PARTY_RELATIONSHIP_TYPE] exists in the database but has no corresponding entity
2021-04-24 16:53:18,094 |OFBiz-batch-1        |DatabaseUtil                  |W| Table named [PARTY_RESUME] exists in the database but has no corresponding entity
2021-04-24 16:53:18,094 |OFBiz-batch-1        |DatabaseUtil                  |W| Table named [PARTY_ROLE] exists in the database but has no corresponding entity
2021-04-24 16:53:18,094 |OFBiz-batch-1        |DatabaseUtil                  |W| Table named [PARTY_SKILL] exists in the database but has no corresponding entity
2021-04-24 16:53:18,094 |OFBiz-batch-1        |DatabaseUtil                  |W| Table named [PARTY_STATUS] exists in the database but has no corresponding entity
2021-04-24 16:53:18,094 |OFBiz-batch-1        |DatabaseUtil                  |W| Table named [PARTY_TAX_AUTH_INFO] exists in the database but has no corresponding entity
2021-04-24 16:53:18,094 |OFBiz-batch-1        |DatabaseUtil                  |W| Table named [PARTY_TYPE] exists in the database but has no corresponding entity
2021-04-24 16:53:18,095 |OFBiz-batch-1        |DatabaseUtil                  |W| Table named [PARTY_TYPE_ATTR] exists in the database but has no corresponding entity
2021-04-24 16:53:18,095 |OFBiz-batch-1        |DatabaseUtil                  |W| Table named [PAYMENT] exists in the database but has no corresponding entity
[...]
2021-04-24 16:53:20,442 |OFBiz-batch-2        |DatabaseUtil                  |W| Table named [INVOICE_ITEM_ASSOC] exists in the database but has no corresponding entity
2021-04-24 16:53:20,442 |OFBiz-batch-2        |DatabaseUtil                  |W| Table named [INVOICE_ITEM_ASSOC_TYPE] exists in the database but has no corresponding entity
2021-04-24 16:53:20,442 |OFBiz-batch-2        |DatabaseUtil                  |W| Table named [INVOICE_ITEM_ATTRIBUTE] exists in the database but has no corresponding entity
2021-04-24 16:53:20,442 |OFBiz-batch-2        |DatabaseUtil                  |W| Table named [INVOICE_ITEM_TYPE] exists in the database but has no corresponding entity
2021-04-24 16:53:20,442 |OFBiz-batch-2        |DatabaseUtil                  |W| Table named [INVOICE_ITEM_TYPE_ATTR] exists in the database but has no corresponding entity
2021-04-24 16:53:20,442 |OFBiz-batch-2        |DatabaseUtil                  |W| Table named [INVOICE_ITEM_TYPE_GL_ACCOUNT] exists in the database but has no corresponding entity
2021-04-24 16:53:20,442 |OFBiz-batch-2        |DatabaseUtil                  |W| Table named [INVOICE_ITEM_TYPE_MAP] exists in the database but has no corresponding entity
2021-04-24 16:53:20,442 |OFBiz-batch-2        |DatabaseUtil                  |W| Table named [INVOICE_NOTE] exists in the database but has no corresponding entity
2021-04-24 16:53:20,442 |OFBiz-batch-2        |DatabaseUtil                  |W| Table named [INVOICE_ROLE] exists in the database but has no corresponding entity
2021-04-24 16:53:20,442 |OFBiz-batch-2        |DatabaseUtil                  |W| Table named [INVOICE_STATUS] exists in the database but has no corresponding entity
2021-04-24 16:53:20,442 |OFBiz-batch-2        |DatabaseUtil                  |W| Table named [INVOICE_TERM] exists in the database but has no corresponding entity
2021-04-24 16:53:20,442 |OFBiz-batch-2        |DatabaseUtil                  |W| Table named [INVOICE_TERM_ATTRIBUTE] exists in the database but has no corresponding entity
2021-04-24 16:53:20,442 |OFBiz-batch-2        |DatabaseUtil                  |W| Table named [INVOICE_TYPE] exists in the database but has no corresponding entity
2021-04-24 16:53:20,442 |OFBiz-batch-2        |DatabaseUtil                  |W| Table named [INVOICE_TYPE_ATTR] exists in the database but has no corresponding entity
2021-04-24 16:53:20,442 |OFBiz-batch-2        |DatabaseUtil                  |W| Table named [IO_BY_THREAD_BY_LATENCY] exists in the database but has no corresponding entity
2021-04-24 16:53:20,442 |OFBiz-batch-2        |DatabaseUtil                  |W| Table named [IO_GLOBAL_BY_FILE_BY_BYTES] exists in the database but has no corresponding entity
2021-04-24 16:53:20,442 |OFBiz-batch-2        |DatabaseUtil                  |W| Table named [IO_GLOBAL_BY_FILE_BY_LATENCY] exists in the database but has no corresponding entity
2021-04-24 16:53:20,442 |OFBiz-batch-2        |DatabaseUtil                  |W| Table named [IO_GLOBAL_BY_WAIT_BY_BYTES] exists in the database but has no corresponding entity
2021-04-24 16:53:20,442 |OFBiz-batch-2        |DatabaseUtil                  |W| Table named [IO_GLOBAL_BY_WAIT_BY_LATENCY] exists in the database but has no corresponding entity
2021-04-24 16:53:20,442 |OFBiz-batch-2        |DatabaseUtil                  |W| Table named [ITEM_ISSUANCE] exists in the database but has no corresponding entity
2021-04-24 16:53:20,442 |OFBiz-batch-2        |DatabaseUtil                  |W| Table named [ITEM_ISSUANCE_ROLE] exists in the database but has no corresponding entity
2021-04-24 16:53:20,442 |OFBiz-batch-2        |DatabaseUtil                  |W| Table named [JAVA_RESOURCE] exists in the database but has no corresponding entity
2021-04-24 16:53:20,442 |OFBiz-batch-2        |DatabaseUtil                  |W| Table named [JOB_INTERVIEW] exists in the database but has no corresponding entity
2021-04-24 16:53:20,442 |OFBiz-batch-2        |DatabaseUtil                  |W| Table named [JOB_INTERVIEW_TYPE] exists in the database but has no corresponding entity
2021-04-24 16:53:20,442 |OFBiz-batch-2        |DatabaseUtil                  |W| Table named [JOB_MANAGER_LOCK] exists in the database but has no corresponding entity
2021-04-24 16:53:20,442 |OFBiz-batch-2        |DatabaseUtil                  |W| Table named [JOB_REQUISITION] exists in the database but has no corresponding entity
2021-04-24 16:53:20,442 |OFBiz-batch-2        |DatabaseUtil                  |W| Table named [JOB_SANDBOX] exists in the database but has no corresponding entity
2021-04-24 16:53:20,442 |OFBiz-batch-2        |DatabaseUtil                  |W| Table named [KEYWORD_THESAURUS] exists in the database but has no corresponding entity
2021-04-24 16:53:20,442 |OFBiz-batch-2        |DatabaseUtil                  |W| Table named [LATEST_FILE_IO] exists in the database but has no corresponding entity
2021-04-24 16:53:20,442 |OFBiz-batch-2        |DatabaseUtil                  |W| Table named [LOT] exists in the database but has no corresponding entity
2021-04-24 16:53:20,442 |OFBiz-batch-2        |DatabaseUtil                  |W| Table named [MARKETING_CAMPAIGN] exists in the database but has no corresponding entity
2021-04-24 16:53:20,442 |OFBiz-batch-2        |DatabaseUtil                  |W| Table named [MARKETING_CAMPAIGN_NOTE] exists in the database but has no corresponding entity
2021-04-24 16:53:20,442 |OFBiz-batch-2        |DatabaseUtil                  |W| Table named [MARKETING_CAMPAIGN_PRICE] exists in the database but has no corresponding entity
2021-04-24 16:53:20,442 |OFBiz-batch-2        |DatabaseUtil                  |W| Table named [MARKETING_CAMPAIGN_PROMO] exists in the database but has no corresponding entity
2021-04-24 16:53:20,442 |OFBiz-batch-2        |DatabaseUtil                  |W| Table named [MARKETING_CAMPAIGN_ROLE] exists in the database but has no corresponding entity
2021-04-24 16:53:20,442 |OFBiz-batch-2        |DatabaseUtil                  |W| Table named [MARKET_INTEREST] exists in the database but has no corresponding entity
2021-04-24 16:53:20,442 |OFBiz-batch-2        |DatabaseUtil                  |W| Table named [MEMORY_BY_HOST_BY_CURRENT_BYTES] exists in the database but has no corresponding entity
2021-04-24 16:53:20,442 |OFBiz-batch-2        |DatabaseUtil                  |W| Table named [MEMORY_BY_THREAD_BY_CURRENT_BYTES] exists in the database but has no corresponding entity
2021-04-24 16:53:20,442 |OFBiz-batch-2        |DatabaseUtil                  |W| Table named [MEMORY_BY_USER_BY_CURRENT_BYTES] exists in the database but has no corresponding entity
2021-04-24 16:53:20,442 |OFBiz-batch-2        |DatabaseUtil                  |W| Table named [MEMORY_GLOBAL_BY_CURRENT_BYTES] exists in the database but has no corresponding entity
2021-04-24 16:53:20,442 |OFBiz-batch-2        |DatabaseUtil                  |W| Table named [MEMORY_GLOBAL_TOTAL] exists in the database but has no corresponding entity
2021-04-24 16:53:20,442 |OFBiz-batch-2        |DatabaseUtil                  |W| Table named [META_DATA_PREDICATE] exists in the database but has no corresponding entity
2021-04-24 16:53:20,442 |OFBiz-batch-2        |DatabaseUtil                  |W| Table named [METRICS] exists in the database but has no corresponding entity
2021-04-24 16:53:20,442 |OFBiz-batch-2        |DatabaseUtil                  |W| Table named [MIME_TYPE] exists in the database but has no corresponding entity
2021-04-24 16:53:20,442 |OFBiz-batch-2        |DatabaseUtil                  |W| Table named [MIME_TYPE_HTML_TEMPLATE] exists in the database but has no corresponding entity
2021-04-24 16:53:20,442 |OFBiz-batch-2        |DatabaseUtil                  |W| Table named [MRP_EVENT] exists in the database but has no corresponding entity
2021-04-24 16:53:20,442 |OFBiz-batch-2        |DatabaseUtil                  |W| Table named [MRP_EVENT_TYPE] exists in the database but has no corresponding entity
2021-04-24 16:53:20,442 |OFBiz-batch-2        |DatabaseUtil                  |W| Table named [NEED_TYPE] exists in the database but has no corresponding entity
2021-04-24 16:53:20,442 |OFBiz-batch-2        |DatabaseUtil                  |W| Table named [NOTE_DATA] exists in the database but has no corresponding entity
2021-04-24 16:53:20,442 |OFBiz-batch-2        |DatabaseUtil                  |W| Table named [ORDER_ADJUSTMENT] exists in the database but has no corresponding entity
2021-04-24 16:53:20,442 |OFBiz-batch-2        |DatabaseUtil                  |W| Table named [ORDER_ADJUSTMENT_ATTRIBUTE] exists in the database but has no corresponding entity
2021-04-24 16:53:20,443 |OFBiz-batch-2        |DatabaseUtil                  |W| Table named [ORDER_ADJUSTMENT_BILLING] exists in the database but has no corresponding entity
2021-04-24 16:53:20,443 |OFBiz-batch-2        |DatabaseUtil                  |W| Table named [ORDER_ADJUSTMENT_TYPE] exists in the database but has no corresponding entity
2021-04-24 16:53:20,443 |OFBiz-batch-2        |DatabaseUtil                  |W| Table named [ORDER_ADJUSTMENT_TYPE_ATTR] exists in the database but has no corresponding entity
2021-04-24 16:53:20,443 |OFBiz-batch-2        |DatabaseUtil                  |W| Table named [ORDER_ATTRIBUTE] exists in the database but has no corresponding entity
2021-04-24 16:53:20,443 |OFBiz-batch-2        |DatabaseUtil                  |W| Table named [ORDER_BLACKLIST] exists in the database but has no corresponding entity
2021-04-24 16:53:20,443 |OFBiz-batch-2        |DatabaseUtil                  |W| Table named [ORDER_BLACKLIST_TYPE] exists in the database but has no corresponding entity
2021-04-24 16:53:20,443 |OFBiz-batch-2        |DatabaseUtil                  |W| Table named [ORDER_CONTACT_MECH] exists in the database but has no corresponding entity
2021-04-24 16:53:20,443 |OFBiz-batch-2        |DatabaseUtil                  |W| Table named [ORDER_CONTENT] exists in the database but has no corresponding entity
2021-04-24 16:53:20,443 |OFBiz-batch-2        |DatabaseUtil                  |W| Table named [ORDER_CONTENT_TYPE] exists in the database but has no corresponding entity
2021-04-24 16:53:20,443 |OFBiz-batch-2        |DatabaseUtil                  |W| Table named [ORDER_DELIVERY_SCHEDULE] exists in the database but has no corresponding entity
2021-04-24 16:53:20,443 |OFBiz-batch-2        |DatabaseUtil                  |W| Table named [ORDER_HEADER] exists in the database but has no corresponding entity
2021-04-24 16:53:20,443 |OFBiz-batch-2        |DatabaseUtil                  |W| Table named [ORDER_HEADER_NOTE] exists in the database but has no corresponding entity
2021-04-24 16:53:20,443 |OFBiz-batch-2        |DatabaseUtil                  |W| Table named [ORDER_HEADER_WORK_EFFORT] exists in the database but has no corresponding entity
2021-04-24 16:53:20,443 |OFBiz-batch-2        |DatabaseUtil                  |W| Table named [ORDER_ITEM] exists in the database but has no corresponding entity
2021-04-24 16:53:20,443 |OFBiz-batch-2        |DatabaseUtil                  |W| Table named [ORDER_ITEM_ASSOC] exists in the database but has no corresponding entity
2021-04-24 16:53:20,443 |OFBiz-batch-2        |DatabaseUtil                  |W| Table named [ORDER_ITEM_ASSOC_TYPE] exists in the database but has no corresponding entity
2021-04-24 16:53:20,443 |OFBiz-batch-2        |DatabaseUtil                  |W| Table named [ORDER_ITEM_ATTRIBUTE] exists in the database but has no corresponding entity
2021-04-24 16:53:20,443 |OFBiz-batch-2        |DatabaseUtil                  |W| Table named [ORDER_ITEM_BILLING] exists in the database but has no corresponding entity
2021-04-24 16:53:20,443 |OFBiz-batch-2        |DatabaseUtil                  |W| Table named [ORDER_ITEM_CHANGE] exists in the database but has no corresponding entity
2021-04-24 16:53:20,443 |OFBiz-batch-2        |DatabaseUtil                  |W| Table named [ORDER_ITEM_CONTACT_MECH] exists in the database but has no corresponding entity
2021-04-24 16:53:20,443 |OFBiz-batch-2        |DatabaseUtil                  |W| Table named [ORDER_ITEM_GROUP] exists in the database but has no corresponding entity
2021-04-24 16:53:20,443 |OFBiz-batch-2        |DatabaseUtil                  |W| Table named [ORDER_ITEM_GROUP_ORDER] exists in the database but has no corresponding entity
2021-04-24 16:53:20,443 |OFBiz-batch-2        |DatabaseUtil                  |W| Table named [ORDER_ITEM_PRICE_INFO] exists in the database but has no corresponding entity
2021-04-24 16:53:20,443 |OFBiz-batch-2        |DatabaseUtil                  |W| Table named [ORDER_ITEM_ROLE] exists in the database but has no corresponding entity
2021-04-24 16:53:20,443 |OFBiz-batch-2        |DatabaseUtil                  |W| Table named [ORDER_ITEM_SHIP_GROUP] exists in the database but has no corresponding entity
2021-04-24 16:53:20,443 |OFBiz-batch-2        |DatabaseUtil                  |W| Table named [ORDER_ITEM_SHIP_GROUP_ASSOC] exists in the database but has no corresponding entity
2021-04-24 16:53:20,443 |OFBiz-batch-2        |DatabaseUtil                  |W| Table named [ORDER_ITEM_SHIP_GRP_INV_RES] exists in the database but has no corresponding entity
2021-04-24 16:53:20,443 |OFBiz-batch-2        |DatabaseUtil                  |W| Table named [ORDER_ITEM_TYPE] exists in the database but has no corresponding entity
2021-04-24 16:53:20,443 |OFBiz-batch-2        |DatabaseUtil                  |W| Table named [ORDER_ITEM_TYPE_ATTR] exists in the database but has no corresponding entity
2021-04-24 16:53:20,443 |OFBiz-batch-2        |DatabaseUtil                  |W| Table named [ORDER_NOTIFICATION] exists in the database but has no corresponding entity
2021-04-24 16:53:20,443 |OFBiz-batch-2        |DatabaseUtil                  |W| Table named [ORDER_PAYMENT_PREFERENCE] exists in the database but has no corresponding entity
2021-04-24 16:53:20,443 |OFBiz-batch-2        |DatabaseUtil                  |W| Table named [ORDER_PRODUCT_PROMO_CODE] exists in the database but has no corresponding entity
2021-04-24 16:53:20,443 |OFBiz-batch-2        |DatabaseUtil                  |W| Table named [ORDER_REQUIREMENT_COMMITMENT] exists in the database but has no corresponding entity
2021-04-24 16:53:20,443 |OFBiz-batch-2        |DatabaseUtil                  |W| Table named [ORDER_ROLE] exists in the database but has no corresponding entity
2021-04-24 16:53:20,443 |OFBiz-batch-2        |DatabaseUtil                  |W| Table named [ORDER_SHIPMENT] exists in the database but has no corresponding entity
2021-04-24 16:53:20,443 |OFBiz-batch-2        |DatabaseUtil                  |W| Table named [ORDER_STATUS] exists in the database but has no corresponding entity
2021-04-24 16:53:20,443 |OFBiz-batch-2        |DatabaseUtil                  |W| Table named [ORDER_SUMMARY_ENTRY] exists in the database but has no corresponding entity
2021-04-24 16:53:20,443 |OFBiz-batch-2        |DatabaseUtil                  |W| Table named [ORDER_TERM] exists in the database but has no corresponding entity
2021-04-24 16:53:20,443 |OFBiz-batch-2        |DatabaseUtil                  |W| Table named [ORDER_TERM_ATTRIBUTE] exists in the database but has no corresponding entity
2021-04-24 16:53:20,443 |OFBiz-batch-2        |DatabaseUtil                  |W| Table named [ORDER_TYPE] exists in the database but has no corresponding entity
2021-04-24 16:53:20,443 |OFBiz-batch-2        |DatabaseUtil                  |W| Table named [ORDER_TYPE_ATTR] exists in the database but has no corresponding entity
2021-04-24 16:53:20,443 |OFBiz-batch-2        |DatabaseUtil                  |W| Table named [OTHER_DATA_RESOURCE] exists in the database but has no corresponding entity
2021-04-24 16:53:20,443 |OFBiz-batch-2        |DatabaseUtil                  |W| Table named [PARTY] exists in the database but has no corresponding entity
2021-04-24 16:53:20,443 |OFBiz-batch-2        |DatabaseUtil                  |W| Table named [PARTY_ACCTG_PREFERENCE] exists in the database but has no corresponding entity
2021-04-24 16:53:20,443 |OFBiz-batch-2        |DatabaseUtil                  |W| Table named [PARTY_ATTRIBUTE] exists in the database but has no corresponding entity
2021-04-24 16:53:20,443 |OFBiz-batch-2        |DatabaseUtil                  |W| Table named [PARTY_BENEFIT] exists in the database but has no corresponding entity
2021-04-24 16:53:20,443 |OFBiz-batch-2        |DatabaseUtil                  |W| Table named [PARTY_CARRIER_ACCOUNT] exists in the database but has no corresponding entity
2021-04-24 16:53:20,443 |OFBiz-batch-2        |DatabaseUtil                  |W| Table named [PARTY_CLASSIFICATION] exists in the database but has no corresponding entity
2021-04-24 16:53:20,443 |OFBiz-batch-2        |DatabaseUtil                  |W| Table named [PARTY_CLASSIFICATION_GROUP] exists in the database but has no corresponding entity
2021-04-24 16:53:20,443 |OFBiz-batch-2        |DatabaseUtil                  |W| Table named [PARTY_CLASSIFICATION_TYPE] exists in the database but has no corresponding entity
2021-04-24 16:53:20,443 |OFBiz-batch-2        |DatabaseUtil                  |W| Table named [PARTY_CONTACT_MECH] exists in the database but has no corresponding entity
2021-04-24 16:53:20,443 |OFBiz-batch-2        |DatabaseUtil                  |W| Table named [PARTY_CONTACT_MECH_PURPOSE] exists in the database but has no corresponding entity
2021-04-24 16:53:20,443 |OFBiz-batch-2        |DatabaseUtil                  |W| Table named [PARTY_CONTENT] exists in the database but has no corresponding entity
2021-04-24 16:53:20,443 |OFBiz-batch-2        |DatabaseUtil                  |W| Table named [PARTY_CONTENT_TYPE] exists in the database but has no corresponding entity
2021-04-24 16:53:20,443 |OFBiz-batch-2        |DatabaseUtil                  |W| Table named [PARTY_DATA_SOURCE] exists in the database but has no corresponding entity
2021-04-24 16:53:20,443 |OFBiz-batch-2        |DatabaseUtil                  |W| Table named [PARTY_FIXED_ASSET_ASSIGNMENT] exists in the database but has no corresponding entity
2021-04-24 16:53:20,443 |OFBiz-batch-2        |DatabaseUtil                  |W| Table named [PARTY_GEO_POINT] exists in the database but has no corresponding entity
2021-04-24 16:53:20,443 |OFBiz-batch-2        |DatabaseUtil                  |W| Table named [PARTY_GL_ACCOUNT] exists in the database but has no corresponding entity
2021-04-24 16:53:20,443 |OFBiz-batch-2        |DatabaseUtil                  |W| Table named [PARTY_GROUP] exists in the database but has no corresponding entity
2021-04-24 16:53:20,443 |OFBiz-batch-2        |DatabaseUtil                  |W| Table named [PARTY_ICS_AVS_OVERRIDE] exists in the database but has no corresponding entity
2021-04-24 16:53:20,443 |OFBiz-batch-2        |DatabaseUtil                  |W| Table named [PARTY_IDENTIFICATION] exists in the database but has no corresponding entity
]]></system-out>
  <system-err><![CDATA[SLF4J: No SLF4J providers were found.
SLF4J: Defaulting to no-operation (NOP) logger implementation
SLF4J: See http://www.slf4j.org/codes.html#noProviders for further details.
SLF4J: Class path contains SLF4J bindings targeting slf4j-api versions prior to 1.8.
SLF4J: Ignoring binding found at [jar:file:/home/pradeep/.gradle/caches/modules-2/files-2.1/org.apache.logging.log4j/log4j-slf4j-impl/2.11.2/4d44e4edc4a7fb39f09b95b09f560a15976fa1ba/log4j-slf4j-impl-2.11.2.jar!/org/slf4j/impl/StaticLoggerBinder.class]
SLF4J: See http://www.slf4j.org/codes.html#ignoredBindings for an explanation.
Loading class `com.mysql.jdbc.Driver'. This is deprecated. The new driver class is `com.mysql.cj.jdbc.Driver'. The driver is automatically registered via the SPI and manual loading of the driver class is generally unnecessary.
]]></system-err>
</testsuite>
